This is pdfTeX, Version 3.1415926-2.4-1.40.13 (MiKTeX 2.9) (preloaded format=pdflatex 2012.11.13)  21 NOV 2012 20:10
entering extended mode
**C:/Users/Justin/Documents/GitHub/APMedPhysik/Fourier-Analyse*u.*Synthese/Four
ier-Analyse.tex

("C:/Users/Justin/Documents/GitHub/APMedPhysik/Fourier-Analyse u. Synthese/Four
ier-Analyse.tex"
LaTeX2e <2011/06/27>
Babel <v3.8m> and hyphenation patterns for english, afrikaans, ancientgreek, ar
abic, armenian, assamese, basque, bengali, bokmal, bulgarian, catalan, coptic, 
croatian, czech, danish, dutch, esperanto, estonian, farsi, finnish, french, ga
lician, german, german-x-2012-05-30, greek, gujarati, hindi, hungarian, iceland
ic, indonesian, interlingua, irish, italian, kannada, kurmanji, latin, latvian,
 lithuanian, malayalam, marathi, mongolian, mongolianlmc, monogreek, ngerman, n
german-x-2012-05-30, nynorsk, oriya, panjabi, pinyin, polish, portuguese, roman
ian, russian, sanskrit, serbian, slovak, slovenian, spanish, swedish, swissgerm
an, tamil, telugu, turkish, turkmen, ukenglish, ukrainian, uppersorbian, usengl
ishmax, welsh, loaded.
(C:\Users\Justin\Documents\GitHub\APMedPhysik\include\header.tex
("C:\Program Files\MiKTeX 2.9\tex\latex\koma-script\scrartcl.cls"
Document Class: scrartcl 2012/07/29 v3.11b KOMA-Script document class (article)

("C:\Program Files\MiKTeX 2.9\tex\latex\koma-script\scrkbase.sty"
Package: scrkbase 2012/07/29 v3.11b KOMA-Script package (KOMA-Script-dependent 
basics and keyval usage)

("C:\Program Files\MiKTeX 2.9\tex\latex\koma-script\scrbase.sty"
Package: scrbase 2012/07/29 v3.11b KOMA-Script package (KOMA-Script-independent
 basics and keyval usage)

("C:\Program Files\MiKTeX 2.9\tex\latex\graphics\keyval.sty"
Package: keyval 1999/03/16 v1.13 key=value parser (DPC)
\KV@toks@=\toks14
)
("C:\Program Files\MiKTeX 2.9\tex\latex\koma-script\scrlfile.sty"
Package: scrlfile 2012/06/15 v3.12 KOMA-Script package (loading files)

Package scrlfile, 2012/06/15 v3.12 KOMA-Script package (loading files)
                  Copyright (C) Markus Kohm

))) ("C:\Program Files\MiKTeX 2.9\tex\latex\koma-script\tocbasic.sty"
Package: tocbasic 2012/04/04 v3.10b KOMA-Script package (handling toc-files)
)
Package tocbasic Info: omitting babel extension for `toc'
(tocbasic)             because of feature `nobabel' available
(tocbasic)             for `toc' on input line 115.
Package tocbasic Info: omitting babel extension for `lof'
(tocbasic)             because of feature `nobabel' available
(tocbasic)             for `lof' on input line 116.
Package tocbasic Info: omitting babel extension for `lot'
(tocbasic)             because of feature `nobabel' available
(tocbasic)             for `lot' on input line 117.
Class scrartcl Info: File `scrsize11pt.clo' used instead of
(scrartcl)           file `scrsize11.clo' to setup font sizes on input line 126
7.

("C:\Program Files\MiKTeX 2.9\tex\latex\koma-script\scrsize11pt.clo"
File: scrsize11pt.clo 2012/07/29 v3.11b KOMA-Script font size class option (11p
t)
)
("C:\Program Files\MiKTeX 2.9\tex\latex\koma-script\typearea.sty"
Package: typearea 2012/07/29 v3.11b KOMA-Script package (type area)

Package typearea, 2012/07/29 v3.11b KOMA-Script package (type area)
                  Copyright (C) Frank Neukam, 1992-1994
                  Copyright (C) Markus Kohm, 1994-

\ta@bcor=\skip41
\ta@div=\count79
\ta@hblk=\skip42
\ta@vblk=\skip43
\ta@temp=\skip44
Package typearea Info: These are the values describing the layout:
(typearea)             DIV  = 10
(typearea)             BCOR = 0.0pt
(typearea)             \paperwidth      = 597.50793pt
(typearea)              \textwidth      = 418.25555pt
(typearea)              DIV departure   = -6%
(typearea)              \evensidemargin = 17.3562pt
(typearea)              \oddsidemargin  = 17.3562pt
(typearea)             \paperheight     = 845.04694pt
(typearea)              \textheight     = 595.80026pt
(typearea)              \topmargin      = -25.16531pt
(typearea)              \headheight     = 17.0pt
(typearea)              \headsep        = 20.40001pt
(typearea)              \topskip        = 11.0pt
(typearea)              \footskip       = 47.60002pt
(typearea)              \baselineskip   = 13.6pt
(typearea)              on input line 1213.
)
\c@part=\count80
\c@section=\count81
\c@subsection=\count82
\c@subsubsection=\count83
\c@paragraph=\count84
\c@subparagraph=\count85
\abovecaptionskip=\skip45
\belowcaptionskip=\skip46
\c@pti@nb@sid@b@x=\box26
\c@figure=\count86
\c@table=\count87
\bibindent=\dimen102
) ("C:\Program Files\MiKTeX 2.9\tex\generic\babel\babel.sty"
Package: babel 2008/07/08 v3.8m The Babel package

*************************************
* Local config file bblopts.cfg used
*
("C:\Program Files\MiKTeX 2.9\tex\latex\00miktex\bblopts.cfg"
File: bblopts.cfg 2006/07/31 v1.0 MiKTeX 'babel' configuration
)
("C:\Program Files\MiKTeX 2.9\tex\generic\babel\ngermanb.ldf"
Language: ngermanb 2008/07/06 v2.6n new German support from the babel system

("C:\Program Files\MiKTeX 2.9\tex\generic\babel\babel.def"
File: babel.def 2008/07/08 v3.8m Babel common definitions
\babel@savecnt=\count88
\U@D=\dimen103
)
\l@naustrian = a dialect from \language\l@ngerman 
Package babel Info: Making " an active character on input line 92.
))
("C:\Program Files\MiKTeX 2.9\tex\latex\tools\varioref.sty"
Package: varioref 2011/10/02 v1.4z package for extended references (FMi)
\c@vrcnt=\count89
)
("C:\Program Files\MiKTeX 2.9\tex\latex\base\fontenc.sty"
Package: fontenc 2005/09/27 v1.99g Standard LaTeX package

("C:\Program Files\MiKTeX 2.9\tex\latex\base\t1enc.def"
File: t1enc.def 2005/09/27 v1.99g Standard LaTeX file
LaTeX Font Info:    Redeclaring font encoding T1 on input line 43.
))
("C:\Program Files\MiKTeX 2.9\tex\latex\base\inputenc.sty"
Package: inputenc 2008/03/30 v1.1d Input encoding file
\inpenc@prehook=\toks15
\inpenc@posthook=\toks16

("C:\Program Files\MiKTeX 2.9\tex\latex\base\latin1.def"
File: latin1.def 2008/03/30 v1.1d Input encoding file
))
("C:\Program Files\MiKTeX 2.9\tex\latex\amsfonts\amsfonts.sty"
Package: amsfonts 2009/06/22 v3.00 Basic AMSFonts support
\@emptytoks=\toks17
\symAMSa=\mathgroup4
\symAMSb=\mathgroup5
LaTeX Font Info:    Overwriting math alphabet `\mathfrak' in version `bold'
(Font)                  U/euf/m/n --> U/euf/b/n on input line 96.
)
("C:\Program Files\MiKTeX 2.9\tex\latex\amsfonts\amssymb.sty"
Package: amssymb 2009/06/22 v3.00
)
("C:\Program Files\MiKTeX 2.9\tex\latex\ams\math\amsmath.sty"
Package: amsmath 2000/07/18 v2.13 AMS math features
\@mathmargin=\skip47

For additional information on amsmath, use the `?' option.
("C:\Program Files\MiKTeX 2.9\tex\latex\ams\math\amstext.sty"
Package: amstext 2000/06/29 v2.01

("C:\Program Files\MiKTeX 2.9\tex\latex\ams\math\amsgen.sty"
File: amsgen.sty 1999/11/30 v2.0
\@emptytoks=\toks18
\ex@=\dimen104
))
("C:\Program Files\MiKTeX 2.9\tex\latex\ams\math\amsbsy.sty"
Package: amsbsy 1999/11/29 v1.2d
\pmbraise@=\dimen105
)
("C:\Program Files\MiKTeX 2.9\tex\latex\ams\math\amsopn.sty"
Package: amsopn 1999/12/14 v2.01 operator names
)
\inf@bad=\count90
LaTeX Info: Redefining \frac on input line 211.
\uproot@=\count91
\leftroot@=\count92
LaTeX Info: Redefining \overline on input line 307.
\classnum@=\count93
\DOTSCASE@=\count94
LaTeX Info: Redefining \ldots on input line 379.
LaTeX Info: Redefining \dots on input line 382.
LaTeX Info: Redefining \cdots on input line 467.
\Mathstrutbox@=\box27
\strutbox@=\box28
\big@size=\dimen106
LaTeX Font Info:    Redeclaring font encoding OML on input line 567.
LaTeX Font Info:    Redeclaring font encoding OMS on input line 568.
\macc@depth=\count95
\c@MaxMatrixCols=\count96
\dotsspace@=\muskip10
\c@parentequation=\count97
\dspbrk@lvl=\count98
\tag@help=\toks19
\row@=\count99
\column@=\count100
\maxfields@=\count101
\andhelp@=\toks20
\eqnshift@=\dimen107
\alignsep@=\dimen108
\tagshift@=\dimen109
\tagwidth@=\dimen110
\totwidth@=\dimen111
\lineht@=\dimen112
\@envbody=\toks21
\multlinegap=\skip48
\multlinetaggap=\skip49
\mathdisplay@stack=\toks22
LaTeX Info: Redefining \[ on input line 2666.
LaTeX Info: Redefining \] on input line 2667.
)
("C:\Program Files\MiKTeX 2.9\tex\latex\ams\math\amscd.sty"
Package: amscd 1999/11/29 v2.0
\athelp@=\toks23
\minaw@=\dimen113
\bigaw@=\dimen114
\minCDarrowwidth=\dimen115
)
("C:\Program Files\MiKTeX 2.9\tex\latex\listings\listings.sty"
\lst@mode=\count102
\lst@gtempboxa=\box29
\lst@token=\toks24
\lst@length=\count103
\lst@currlwidth=\dimen116
\lst@column=\count104
\lst@pos=\count105
\lst@lostspace=\dimen117
\lst@width=\dimen118
\lst@newlines=\count106
\lst@lineno=\count107
\lst@maxwidth=\dimen119

("C:\Program Files\MiKTeX 2.9\tex\latex\listings\lstmisc.sty"
File: lstmisc.sty 2007/02/22 1.4 (Carsten Heinz)
\c@lstnumber=\count108
\lst@skipnumbers=\count109
\lst@framebox=\box30
)
("C:\Program Files\MiKTeX 2.9\tex\latex\listings\listings.cfg"
File: listings.cfg 2007/02/22 1.4 listings configuration
))
Package: listings 2007/02/22 1.4 (Carsten Heinz)

("C:\Program Files\MiKTeX 2.9\tex\latex\cite\cite.sty"
LaTeX Info: Redefining \cite on input line 302.
LaTeX Info: Redefining \nocite on input line 373.
Package: cite 2010/09/10  v 5.3
)
("C:\Program Files\MiKTeX 2.9\tex\latex\tools\longtable.sty"
Package: longtable 2004/02/01 v4.11 Multi-page Table package (DPC)
\LTleft=\skip50
\LTright=\skip51
\LTpre=\skip52
\LTpost=\skip53
\LTchunksize=\count110
\LTcapwidth=\dimen120
\LT@head=\box31
\LT@firsthead=\box32
\LT@foot=\box33
\LT@lastfoot=\box34
\LT@cols=\count111
\LT@rows=\count112
\c@LT@tables=\count113
\c@LT@chunks=\count114
\LT@p@ftn=\toks25
)
Class scrartcl Info: longtable captions redefined on input line 33.

("C:\Program Files\MiKTeX 2.9\tex\latex\booktabs\booktabs.sty"
Package: booktabs 2005/04/14 v1.61803 publication quality tables
\heavyrulewidth=\dimen121
\lightrulewidth=\dimen122
\cmidrulewidth=\dimen123
\belowrulesep=\dimen124
\belowbottomsep=\dimen125
\aboverulesep=\dimen126
\abovetopsep=\dimen127
\cmidrulesep=\dimen128
\cmidrulekern=\dimen129
\defaultaddspace=\dimen130
\@cmidla=\count115
\@cmidlb=\count116
\@aboverulesep=\dimen131
\@belowrulesep=\dimen132
\@thisruleclass=\count117
\@lastruleclass=\count118
\@thisrulewidth=\dimen133
)
("C:\Program Files\MiKTeX 2.9\tex\latex\prettyref\prettyref.sty"
Package: prettyref 1998/07/09 v3.0
)
("C:\Program Files\MiKTeX 2.9\tex\latex\ltxmisc\url.sty"
\Urlmuskip=\muskip11
Package: url 2006/04/12  ver 3.3  Verb mode for urls, etc.
)
("C:\Program Files\MiKTeX 2.9\tex\latex\base\ifthen.sty"
Package: ifthen 2001/05/26 v1.1c Standard LaTeX ifthen package (DPC)
)
("C:\Program Files\MiKTeX 2.9\tex\latex\graphics\graphicx.sty"
Package: graphicx 1999/02/16 v1.0f Enhanced LaTeX Graphics (DPC,SPQR)

("C:\Program Files\MiKTeX 2.9\tex\latex\graphics\graphics.sty"
Package: graphics 2009/02/05 v1.0o Standard LaTeX Graphics (DPC,SPQR)

("C:\Program Files\MiKTeX 2.9\tex\latex\graphics\trig.sty"
Package: trig 1999/03/16 v1.09 sin cos tan (DPC)
)
("C:\Program Files\MiKTeX 2.9\tex\latex\00miktex\graphics.cfg"
File: graphics.cfg 2007/01/18 v1.5 graphics configuration of teTeX/TeXLive
)
Package graphics Info: Driver file: pdftex.def on input line 91.

("C:\Program Files\MiKTeX 2.9\tex\latex\pdftex-def\pdftex.def"
File: pdftex.def 2011/05/27 v0.06d Graphics/color for pdfTeX

("C:\Program Files\MiKTeX 2.9\tex\generic\oberdiek\infwarerr.sty"
Package: infwarerr 2010/04/08 v1.3 Providing info/warning/error messages (HO)
)
("C:\Program Files\MiKTeX 2.9\tex\generic\oberdiek\ltxcmds.sty"
Package: ltxcmds 2011/11/09 v1.22 LaTeX kernel commands for general use (HO)
)
\Gread@gobject=\count119
))
\Gin@req@height=\dimen134
\Gin@req@width=\dimen135
)
("C:\Program Files\MiKTeX 2.9\tex\latex\oberdiek\epstopdf.sty"
Package: epstopdf 2010/02/09 v2.5 Conversion with epstopdf on the fly (HO)

("C:\Program Files\MiKTeX 2.9\tex\latex\oberdiek\epstopdf-base.sty"
Package: epstopdf-base 2010/02/09 v2.5 Base part for package epstopdf

("C:\Program Files\MiKTeX 2.9\tex\latex\oberdiek\grfext.sty"
Package: grfext 2010/08/19 v1.1 Manage graphics extensions (HO)

("C:\Program Files\MiKTeX 2.9\tex\generic\oberdiek\kvdefinekeys.sty"
Package: kvdefinekeys 2011/04/07 v1.3 Define keys (HO)
))
("C:\Program Files\MiKTeX 2.9\tex\latex\oberdiek\kvoptions.sty"
Package: kvoptions 2011/06/30 v3.11 Key value format for package options (HO)

("C:\Program Files\MiKTeX 2.9\tex\generic\oberdiek\kvsetkeys.sty"
Package: kvsetkeys 2012/04/25 v1.16 Key value parser (HO)

("C:\Program Files\MiKTeX 2.9\tex\generic\oberdiek\etexcmds.sty"
Package: etexcmds 2011/02/16 v1.5 Avoid name clashes with e-TeX commands (HO)

("C:\Program Files\MiKTeX 2.9\tex\generic\oberdiek\ifluatex.sty"
Package: ifluatex 2010/03/01 v1.3 Provides the ifluatex switch (HO)
Package ifluatex Info: LuaTeX not detected.
)
Package etexcmds Info: Could not find \expanded.
(etexcmds)             That can mean that you are not using pdfTeX 1.50 or
(etexcmds)             that some package has redefined \expanded.
(etexcmds)             In the latter case, load this package earlier.
)))
("C:\Program Files\MiKTeX 2.9\tex\generic\oberdiek\pdftexcmds.sty"
Package: pdftexcmds 2011/11/29 v0.20 Utility functions of pdfTeX for LuaTeX (HO
)

("C:\Program Files\MiKTeX 2.9\tex\generic\oberdiek\ifpdf.sty"
Package: ifpdf 2011/01/30 v2.3 Provides the ifpdf switch (HO)
Package ifpdf Info: pdfTeX in PDF mode is detected.
)
Package pdftexcmds Info: LuaTeX not detected.
Package pdftexcmds Info: \pdf@primitive is available.
Package pdftexcmds Info: \pdf@ifprimitive is available.
Package pdftexcmds Info: \pdfdraftmode found.
)
Package grfext Info: Graphics extension search list:
(grfext)             [.png,.pdf,.jpg,.mps,.jpeg,.jbig2,.jb2,.PNG,.PDF,.JPG,.JPE
G,.JBIG2,.JB2,.eps]
(grfext)             \AppendGraphicsExtensions on input line 452.
))
("C:\Program Files\MiKTeX 2.9\tex\latex\footnpag\footnpag.sty"
Package: footnpag 1995/11/10 v2.6 numbering footnotes per page
\old_foot_file=\read1
\foot_file=\write3
\foot_name_no=\count120
)
("C:\Program Files\MiKTeX 2.9\tex\latex\hyperref\hyperref.sty"
Package: hyperref 2012/09/27 v6.83g Hypertext links for LaTeX

("C:\Program Files\MiKTeX 2.9\tex\generic\oberdiek\hobsub-hyperref.sty"
Package: hobsub-hyperref 2012/04/25 v1.12 Bundle oberdiek, subset hyperref (HO)


("C:\Program Files\MiKTeX 2.9\tex\generic\oberdiek\hobsub-generic.sty"
Package: hobsub-generic 2012/04/25 v1.12 Bundle oberdiek, subset generic (HO)
Package: hobsub 2012/04/25 v1.12 Construct package bundles (HO)
Package hobsub Info: Skipping package `infwarerr' (already loaded).
Package hobsub Info: Skipping package `ltxcmds' (already loaded).
Package hobsub Info: Skipping package `ifluatex' (already loaded).
Package: ifvtex 2010/03/01 v1.5 Detect VTeX and its facilities (HO)
Package ifvtex Info: VTeX not detected.
Package: intcalc 2007/09/27 v1.1 Expandable calculations with integers (HO)
Package hobsub Info: Skipping package `ifpdf' (already loaded).
Package hobsub Info: Skipping package `etexcmds' (already loaded).
Package hobsub Info: Skipping package `kvsetkeys' (already loaded).
Package hobsub Info: Skipping package `kvdefinekeys' (already loaded).
Package hobsub Info: Skipping package `pdftexcmds' (already loaded).
Package: pdfescape 2011/11/25 v1.13 Implements pdfTeX's escape features (HO)
Package: bigintcalc 2012/04/08 v1.3 Expandable calculations on big integers (HO
)
Package: bitset 2011/01/30 v1.1 Handle bit-vector datatype (HO)
Package: uniquecounter 2011/01/30 v1.2 Provide unlimited unique counter (HO)
)
Package hobsub Info: Skipping package `hobsub' (already loaded).
Package: letltxmacro 2010/09/02 v1.4 Let assignment for LaTeX macros (HO)
Package: hopatch 2011/06/24 v1.1 Wrapper for package hooks (HO)
Package: xcolor-patch 2011/01/30 xcolor patch
Package: atveryend 2011/06/30 v1.8 Hooks at the very end of document (HO)
Package atveryend Info: \enddocument detected (standard20110627).
Package: atbegshi 2011/10/05 v1.16 At begin shipout hook (HO)
Package: refcount 2011/10/16 v3.4 Data extraction from label references (HO)
Package: hycolor 2011/01/30 v1.7 Color options for hyperref/bookmark (HO)
)
("C:\Program Files\MiKTeX 2.9\tex\generic\ifxetex\ifxetex.sty"
Package: ifxetex 2010/09/12 v0.6 Provides ifxetex conditional
)
("C:\Program Files\MiKTeX 2.9\tex\latex\oberdiek\auxhook.sty"
Package: auxhook 2011/03/04 v1.3 Hooks for auxiliary files (HO)
)
\@linkdim=\dimen136
\Hy@linkcounter=\count121
\Hy@pagecounter=\count122

("C:\Program Files\MiKTeX 2.9\tex\latex\hyperref\pd1enc.def"
File: pd1enc.def 2012/09/27 v6.83g Hyperref: PDFDocEncoding definition (HO)
)
\Hy@SavedSpaceFactor=\count123

("C:\Program Files\MiKTeX 2.9\tex\latex\00miktex\hyperref.cfg"
File: hyperref.cfg 2002/06/06 v1.2 hyperref configuration of TeXLive
)
Package hyperref Info: Hyper figures OFF on input line 4288.
Package hyperref Info: Link nesting OFF on input line 4293.
Package hyperref Info: Hyper index ON on input line 4296.
Package hyperref Info: Plain pages OFF on input line 4303.
Package hyperref Info: Backreferencing OFF on input line 4308.
Package hyperref Info: Implicit mode ON; LaTeX internals redefined.
Package hyperref Info: Bookmarks ON on input line 4533.
\c@Hy@tempcnt=\count124
LaTeX Info: Redefining \url on input line 4886.
\XeTeXLinkMargin=\dimen137
\Fld@menulength=\count125
\Field@Width=\dimen138
\Fld@charsize=\dimen139
Package hyperref Info: Hyper figures OFF on input line 6129.
Package hyperref Info: Link nesting OFF on input line 6134.
Package hyperref Info: Hyper index ON on input line 6137.
Package hyperref Info: backreferencing OFF on input line 6144.
Package hyperref Info: Link coloring OFF on input line 6149.
Package hyperref Info: Link coloring with OCG OFF on input line 6154.
Package hyperref Info: PDF/A mode OFF on input line 6159.
LaTeX Info: Redefining \ref on input line 6199.
LaTeX Info: Redefining \pageref on input line 6203.
\Hy@abspage=\count126
\c@Item=\count127
\c@Hfootnote=\count128
)

Package hyperref Message: Driver (autodetected): hpdftex.

("C:\Program Files\MiKTeX 2.9\tex\latex\hyperref\hpdftex.def"
File: hpdftex.def 2012/09/27 v6.83g Hyperref driver for pdfTeX
\Fld@listcount=\count129
\c@bookmark@seq@number=\count130

("C:\Program Files\MiKTeX 2.9\tex\latex\oberdiek\rerunfilecheck.sty"
Package: rerunfilecheck 2011/04/15 v1.7 Rerun checks for auxiliary files (HO)
Package uniquecounter Info: New unique counter `rerunfilecheck' on input line 2
82.
)
\Hy@SectionHShift=\skip54
)
("C:\Program Files\MiKTeX 2.9\tex\latex\siunitx\siunitx.sty"
("C:\Program Files\MiKTeX 2.9\tex\latex\l3kernel\expl3.sty"
("C:\Program Files\MiKTeX 2.9\tex\latex\l3kernel\l3names.sty"
("C:\Program Files\MiKTeX 2.9\tex\latex\l3kernel\l3bootstrap.sty"
Package: l3bootstrap 2012/07/16 v3991 L3 Experimental bootstrap code
)
Package: l3names 2012/09/24 v4230 L3 Namespace for primitives
)
("C:\Program Files\MiKTeX 2.9\tex\latex\misc\etex.sty"
Package: etex 1998/03/26 v2.0 eTeX basic definition package (PEB)
\et@xins=\count131
)
Package: expl3 2012/09/29 v4249 L3 Experimental code bundle wrapper

("C:\Program Files\MiKTeX 2.9\tex\latex\l3kernel\l3basics.sty"
Package: l3basics 2012/09/09 v4212 L3 Basic definitions
)
("C:\Program Files\MiKTeX 2.9\tex\latex\l3kernel\l3expan.sty"
Package: l3expan 2012/08/28 v4149 L3 Argument expansion
)
("C:\Program Files\MiKTeX 2.9\tex\latex\l3kernel\l3tl.sty"
Package: l3tl 2012/09/28 v4244 L3 Token lists
)
("C:\Program Files\MiKTeX 2.9\tex\latex\l3kernel\l3seq.sty"
Package: l3seq 2012/09/09 v4212 L3 Sequences and stacks
)
("C:\Program Files\MiKTeX 2.9\tex\latex\l3kernel\l3int.sty"
Package: l3int 2012/09/26 v4237 L3 Integers
\c_max_int=\count132
\l_tmpa_int=\count133
\l_tmpb_int=\count134
\g_tmpa_int=\count135
\g_tmpb_int=\count136
\l_tmpc_int=\count137
)
("C:\Program Files\MiKTeX 2.9\tex\latex\l3kernel\l3quark.sty"
Package: l3quark 2012/08/08 v4065 L3 Quarks
)
("C:\Program Files\MiKTeX 2.9\tex\latex\l3kernel\l3prg.sty"
Package: l3prg 2012/09/09 v4212 L3 Control structures
\g__prg_map_int=\count138
)
("C:\Program Files\MiKTeX 2.9\tex\latex\l3kernel\l3clist.sty"
Package: l3clist 2012/09/09 v4212 L3 Comma separated lists
)
("C:\Program Files\MiKTeX 2.9\tex\latex\l3kernel\l3token.sty"
Package: l3token 2012/08/08 v4069 L3 Experimental token manipulation
)
("C:\Program Files\MiKTeX 2.9\tex\latex\l3kernel\l3prop.sty"
Package: l3prop 2012/09/09 v4212 L3 Property lists
)
("C:\Program Files\MiKTeX 2.9\tex\latex\l3kernel\l3msg.sty"
Package: l3msg 2012/09/09 v4212 L3 Messages
)
("C:\Program Files\MiKTeX 2.9\tex\latex\l3kernel\l3file.sty"
Package: l3file 2012/09/09 v4212 L3 File and I/O operations
\l__ior_stream_int=\count139
\l_iow_line_count_int=\count140
\l__iow_target_count_int=\count141
\l__iow_current_line_int=\count142
\l__iow_current_word_int=\count143
\l__iow_current_indentation_int=\count144
)
("C:\Program Files\MiKTeX 2.9\tex\latex\l3kernel\l3skip.sty"
Package: l3skip 2012/09/26 v4235 L3 Dimensions and skips
\l_tmpa_dim=\dimen140
\l_tmpb_dim=\dimen141
\g_tmpa_dim=\dimen142
\g_tmpb_dim=\dimen143
\l_tmpa_skip=\skip55
\l_tmpb_skip=\skip56
\g_tmpa_skip=\skip57
\g_tmpb_skip=\skip58
\c_zero_muskip=\muskip12
\c_max_muskip=\muskip13
\l_tmpa_muskip=\muskip14
\l_tmpb_muskip=\muskip15
\g_tmpa_muskip=\muskip16
\g_tmpb_muskip=\muskip17
)
("C:\Program Files\MiKTeX 2.9\tex\latex\l3kernel\l3keys.sty"
Package: l3keys 2012/09/29 v4248 L3 Experimental key-value interfaces
\g__keyval_level_int=\count145
\l_keys_choice_int=\count146
)
("C:\Program Files\MiKTeX 2.9\tex\latex\l3kernel\l3fp.sty"
Package: l3fp 2012/09/26 v4234 L3 Floating points
\c__fp_leading_shift_int=\count147
\c__fp_middle_shift_int=\count148
\c__fp_trailing_shift_int=\count149
\c__fp_big_leading_shift_int=\count150
\c__fp_big_middle_shift_int=\count151
\c__fp_big_trailing_shift_int=\count152
\c__fp_Bigg_leading_shift_int=\count153
\c__fp_Bigg_middle_shift_int=\count154
\c__fp_Bigg_trailing_shift_int=\count155
)
("C:\Program Files\MiKTeX 2.9\tex\latex\l3kernel\l3box.sty"
Package: l3box 2012/07/16 v3991 L3 Experimental boxes
\l_tmpb_box=\box35
\g_tmpa_box=\box36
\g_tmpb_box=\box37
)
("C:\Program Files\MiKTeX 2.9\tex\latex\l3kernel\l3coffins.sty"
Package: l3coffins 2012/09/09 v4212 L3 Coffin code layer
\l__coffin_internal_box=\box38
\l__coffin_internal_dim=\dimen144
\l__coffin_offset_x_dim=\dimen145
\l__coffin_offset_y_dim=\dimen146
\l__coffin_x_dim=\dimen147
\l__coffin_y_dim=\dimen148
\l__coffin_x_prime_dim=\dimen149
\l__coffin_y_prime_dim=\dimen150
\c_empty_coffin=\box39
\l__coffin_aligned_coffin=\box40
\l__coffin_aligned_internal_coffin=\box41
\l_tmpa_coffin=\box42
\l_tmpb_coffin=\box43
\l__coffin_display_coffin=\box44
\l__coffin_display_coord_coffin=\box45
\l__coffin_display_pole_coffin=\box46
\l__coffin_display_offset_dim=\dimen151
\l__coffin_display_x_dim=\dimen152
\l__coffin_display_y_dim=\dimen153
)
("C:\Program Files\MiKTeX 2.9\tex\latex\l3kernel\l3color.sty"
Package: l3color 2012/08/29 v4156 L3 Experimental color support
)
("C:\Program Files\MiKTeX 2.9\tex\latex\l3kernel\l3luatex.sty"
Package: l3luatex 2012/08/03 v4049 L3 Experimental LuaTeX-specific functions
\g__cctab_allocate_int=\count156
\g__cctab_stack_int=\count157
)
("C:\Program Files\MiKTeX 2.9\tex\latex\l3kernel\l3candidates.sty"
Package: l3candidates 2012/05/12 v3633 L3 Experimental additions to l3kernel
\l__box_top_dim=\dimen154
\l__box_bottom_dim=\dimen155
\l__box_left_dim=\dimen156
\l__box_right_dim=\dimen157
\l__box_top_new_dim=\dimen158
\l__box_bottom_new_dim=\dimen159
\l__box_left_new_dim=\dimen160
\l__box_right_new_dim=\dimen161
\l__box_internal_box=\box47
\l__coffin_bounding_shift_dim=\dimen162
\l__coffin_left_corner_dim=\dimen163
\l__coffin_right_corner_dim=\dimen164
\l__coffin_bottom_corner_dim=\dimen165
\l__coffin_top_corner_dim=\dimen166
\l__coffin_scaled_total_height_dim=\dimen167
\l__coffin_scaled_width_dim=\dimen168
))
Package: siunitx 2012/09/18 v2.5j A comprehensive (SI) units package

("C:\Program Files\MiKTeX 2.9\tex\latex\tools\array.sty"
Package: array 2008/09/09 v2.4c Tabular extension package (FMi)
\col@sep=\dimen169
\extrarowheight=\dimen170
\NC@list=\toks26
\extratabsurround=\skip59
\backup@length=\skip60
)
("C:\Program Files\MiKTeX 2.9\tex\latex\l3packages\l3keys2e\l3keys2e.sty"
("C:\Program Files\MiKTeX 2.9\tex\latex\l3packages\xparse\xparse.sty"
Package: xparse 2012/09/29 v4249 L3 Experimental document command parser
\l__xparse_current_arg_int=\count158
\l__xparse_m_args_int=\count159
\l__xparse_mandatory_args_int=\count160
\l__xparse_processor_int=\count161
\l__xparse_v_nesting_int=\count162
)
Package: l3keys2e 2012/09/29 v4249 LaTeX2e option processing using LaTeX3 keys
)
Variant \tl_if_blank:VTF already defined; not changing it on line 50
\l__siunitx_tmp_box=\box48
\l__siunitx_tmp_dim=\dimen171
\l__siunitx_tmp_int=\count163
Variant \prop_get:NVNT already defined; not changing it on line 361
Variant \prop_get:NVNF already defined; not changing it on line 362
Variant \prop_get:NVNTF already defined; not changing it on line 363
\l__siunitx_number_mantissa_length_int=\count164
\l__siunitx_number_uncert_length_int=\count165
\l__siunitx_round_int=\count166
\l__siunitx_process_decimal_int=\count167
\l__siunitx_process_uncertainty_int=\count168
\l__siunitx_process_fixed_int=\count169
\l__siunitx_process_integer_min_int=\count170
\l__siunitx_process_precision_int=\count171
\l__siunitx_group_min_int=\count172
\l__siunitx_angle_marker_box=\box49
\l__siunitx_angle_unit_box=\box50
\l__siunitx_angle_marker_dim=\dimen172
\l__siunitx_angle_unit_dim=\dimen173
\l__siunitx_unit_int=\count173
\l__siunitx_unit_denominator_int=\count174
\l__siunitx_unit_numerator_int=\count175
\l__siunitx_unit_prefix_int=\count176
\l__siunitx_unit_prefix_base_int=\count177
\l__siunitx_unit_prefix_gram_int=\count178
\l__siunitx_number_product_int=\count179
\c__siunitx_one_fill_skip=\skip61
\l__siunitx_table_unit_align_skip=\skip62
\l__siunitx_table_exponent_dim=\dimen174
\l__siunitx_table_integer_dim=\dimen175
\l__siunitx_table_mantissa_dim=\dimen176
\l__siunitx_table_marker_dim=\dimen177
\l__siunitx_table_result_dim=\dimen178
\l__siunitx_table_uncert_dim=\dimen179
\l__siunitx_table_fill_pre_dim=\dimen180
\l__siunitx_table_fill_post_dim=\dimen181
\l__siunitx_table_fill_mid_dim=\dimen182
\l__siunitx_table_pre_box=\box51
\l__siunitx_table_post_box=\box52
\l__siunitx_table_mantissa_box=\box53
\l__siunitx_table_result_box=\box54
\l__siunitx_table_number_align_skip=\skip63
\l__siunitx_table_text_align_skip=\skip64
.................................................
. LaTeX info: "xparse/define-command"
. 
. Defining document command \DeclareBinaryPrefix with arg. spec. 'mmm' on line
. 7064.
.................................................
.................................................
. LaTeX info: "xparse/define-command"
. 
. Defining document command \DeclareSIPostPower with arg. spec. 'mm' on line
. 7067.
.................................................
.................................................
. LaTeX info: "xparse/define-command"
. 
. Defining document command \DeclareSIPrefix with arg. spec. 'mmm' on line
. 7070.
.................................................
.................................................
. LaTeX info: "xparse/define-command"
. 
. Defining document command \DeclareSIPrePower with arg. spec. 'mm' on line
. 7073.
.................................................
.................................................
. LaTeX info: "xparse/define-command"
. 
. Defining document command \DeclareSIQualifier with arg. spec. 'mm' on line
. 7076.
.................................................
.................................................
. LaTeX info: "xparse/define-command"
. 
. Defining document command \DeclareSIUnit with arg. spec. 'O{}mm' on line
. 7079.
.................................................
.................................................
. LaTeX info: "xparse/define-command"
. 
. Defining document command \DeclareSIUnitWithOptions with arg. spec. 'mmm' on
. line 7082.
.................................................
.................................................
. LaTeX info: "xparse/define-command"
. 
. Defining document command \ang with arg. spec. 'o>{\SplitArgument {2}{;}}m'
. on line 7097.
.................................................
.................................................
. LaTeX info: "xparse/define-command"
. 
. Defining document command \num with arg. spec. 'om' on line 7105.
.................................................
.................................................
. LaTeX info: "xparse/define-command"
. 
. Defining document command \numlist with arg. spec. 'o>{\SplitList {;}}m' on
. line 7113.
.................................................
.................................................
. LaTeX info: "xparse/define-command"
. 
. Defining document command \numrange with arg. spec. 'omm' on line 7121.
.................................................
.................................................
. LaTeX info: "xparse/define-command"
. 
. Defining document command \SIlist with arg. spec. 'o>{\SplitList {;}}mm' on
. line 7132.
.................................................
.................................................
. LaTeX info: "xparse/define-command"
. 
. Defining document command \SIrange with arg. spec. 'ommm' on line 7143.
.................................................
.................................................
. LaTeX info: "xparse/define-command"
. 
. Defining document command \SI with arg. spec. 'omom' on line 7154.
.................................................
.................................................
. LaTeX info: "xparse/define-command"
. 
. Defining document command \sisetup with arg. spec. 'm' on line 7157.
.................................................
.................................................
. LaTeX info: "xparse/define-command"
. 
. Defining document command \tablenum with arg. spec. 'om' on line 7169.
.................................................
.................................................
. LaTeX info: "xparse/define-command"
. 
. Defining document command \si with arg. spec. 'om' on line 7180.
.................................................
.................................................
. LaTeX info: "xparse/define-command"
. 
. Defining document command \__siunitx_bookmark_num:w with arg. spec. 'om' on
. line 7224.
.................................................
.................................................
. LaTeX info: "xparse/define-command"
. 
. Defining document command \__siunitx_bookmark_numrange:w with arg. spec.
. 'omm' on line 7226.
.................................................
.................................................
. LaTeX info: "xparse/define-command"
. 
. Defining document command \__siunitx_bookmark_SI:w with arg. spec. 'omom' on
. line 7228.
.................................................
.................................................
. LaTeX info: "xparse/define-command"
. 
. Defining document command \__siunitx_bookmark_SIlist:w with arg. spec. 'omm'
. on line 7230.
.................................................
.................................................
. LaTeX info: "xparse/define-command"
. 
. Defining document command \__siunitx_bookmark_SIrange:w with arg. spec.
. 'ommm' on line 7232.
.................................................
.................................................
. LaTeX info: "xparse/define-command"
. 
. Defining document command \__siunitx_bookmark_si:w with arg. spec. 'om' on
. line 7233.
.................................................
\g__ior_internal_ior=\read2

("C:\Program Files\MiKTeX 2.9\tex\latex\beamer\base\translator\translator.sty"
Package: translator 2010/06/12 ver 1.10

("C:\Program Files\MiKTeX 2.9\tex\latex\beamer\base\translator\translator-langu
age-mappings.tex"))
*************************************************
* siunitx warning: "version-1-option"
* 
* Version 1 option 'repeatunits' detected.
*************************************************
("C:\Program Files\MiKTeX 2.9\tex\latex\siunitx\config\siunitx-version-1.cfg"
File: siunitx-version-1.cfg 2012/09/18 v2.5j siunitx: Version 1 settings
.................................................
. LaTeX info: "xparse/define-command"
. 
. Defining document command \newpower with arg. spec. 'omm' on line 636.
.................................................
.................................................
. LaTeX info: "xparse/define-command"
. 
. Defining document command \renewpower with arg. spec. 'omm' on line 641.
.................................................
.................................................
. LaTeX info: "xparse/define-command"
. 
. Defining document command \providepower with arg. spec. 'omm' on line 646.
.................................................
.................................................
. LaTeX info: "xparse/define-command"
. 
. Defining document command \newprefix with arg. spec. 'ommm' on line 651.
.................................................
.................................................
. LaTeX info: "xparse/define-command"
. 
. Defining document command \renewprefix with arg. spec. 'ommm' on line 656.
.................................................
.................................................
. LaTeX info: "xparse/define-command"
. 
. Defining document command \provideprefix with arg. spec. 'ommm' on line 661.
.................................................
.................................................
. LaTeX info: "xparse/define-command"
. 
. Defining document command \newqualifier with arg. spec. 'mm' on line 664.
.................................................
.................................................
. LaTeX info: "xparse/define-command"
. 
. Defining document command \requiresiconfigs with arg. spec. 'm' on line 732.
.................................................
)) ("C:\Program Files\MiKTeX 2.9\tex\latex\esvect\esvect.sty"
Package: esvect 
\symesvector=\mathgroup6
))
(C:\Users\Justin\Documents\GitHub\APMedPhysik\include\titlepage.tex)
("C:\Users\Justin\Documents\GitHub\APMedPhysik\Fourier-Analyse u. Synthese\Four
ier-Analyse.aux")
LaTeX Font Info:    Checking defaults for OML/cmm/m/it on input line 4.
LaTeX Font Info:    ... okay on input line 4.
LaTeX Font Info:    Checking defaults for T1/cmr/m/n on input line 4.
LaTeX Font Info:    ... okay on input line 4.
LaTeX Font Info:    Checking defaults for OT1/cmr/m/n on input line 4.
LaTeX Font Info:    ... okay on input line 4.
LaTeX Font Info:    Checking defaults for OMS/cmsy/m/n on input line 4.
LaTeX Font Info:    ... okay on input line 4.
LaTeX Font Info:    Checking defaults for OMX/cmex/m/n on input line 4.
LaTeX Font Info:    ... okay on input line 4.
LaTeX Font Info:    Checking defaults for U/cmr/m/n on input line 4.
LaTeX Font Info:    ... okay on input line 4.
LaTeX Font Info:    Checking defaults for PD1/pdf/m/n on input line 4.
LaTeX Font Info:    ... okay on input line 4.
\c@lstlisting=\count180
 ("C:\Program Files\MiKTeX 2.9\tex\context\base\supp-pdf.mkii"
[Loading MPS to PDF converter (version 2006.09.02).]
\scratchcounter=\count181
\scratchdimen=\dimen183
\scratchbox=\box55
\nofMPsegments=\count182
\nofMParguments=\count183
\everyMPshowfont=\toks27
\MPscratchCnt=\count184
\MPscratchDim=\dimen184
\MPnumerator=\count185
\makeMPintoPDFobject=\count186
\everyMPtoPDFconversion=\toks28
)
\AtBeginShipoutBox=\box56
Package hyperref Info: Link coloring OFF on input line 4.
 ("C:\Program Files\MiKTeX 2.9\tex\latex\hyperref\nameref.sty"
Package: nameref 2012/07/31 v2.42 Cross-referencing by name of section

("C:\Program Files\MiKTeX 2.9\tex\generic\oberdiek\gettitlestring.sty"
Package: gettitlestring 2010/12/03 v1.4 Cleanup title references (HO)
)
\c@section@level=\count187
LaTeX Info: Redefining \Ref on input line 503.
)
LaTeX Info: Redefining \ref on input line 4.
LaTeX Info: Redefining \pageref on input line 4.
LaTeX Info: Redefining \nameref on input line 4.

("C:\Users\Justin\Documents\GitHub\APMedPhysik\Fourier-Analyse u. Synthese\Four
ier-Analyse.out")
("C:\Users\Justin\Documents\GitHub\APMedPhysik\Fourier-Analyse u. Synthese\Four
ier-Analyse.out")
\@outlinefile=\write4
LaTeX Info: Redefining \Ref on input line 4.

("C:\Program Files\MiKTeX 2.9\tex\latex\beamer\base\translator\dicts\translator
-basic-dictionary\translator-basic-dictionary-English.dict"
Dictionary: translator-basic-dictionary, Language: English 
)
("C:\Program Files\MiKTeX 2.9\tex\latex\siunitx\config\siunitx-abbreviations.cf
g"
File: siunitx-abbreviations.cfg 2012/09/18 v2.5j siunitx: Abbreviated units
) ("C:\Program Files\MiKTeX 2.9\tex\latex\siunitx\config\siunitx-binary.cfg"
File: siunitx-binary.cfg 2012/09/18 v2.5j siunitx: Binary units
)
.................................................
. LaTeX info: "xparse/define-command"
. 
. Defining document command \of with arg. spec. '' on line 4.
.................................................
.................................................
. LaTeX info: "xparse/define-command"
. 
. Defining document command \highlight with arg. spec. '' on line 4.
.................................................
.................................................
. LaTeX info: "xparse/define-command"
. 
. Defining document command \per with arg. spec. '' on line 4.
.................................................
.................................................
. LaTeX info: "xparse/define-command"
. 
. Defining document command \raiseto with arg. spec. '' on line 4.
.................................................
.................................................
. LaTeX info: "xparse/define-command"
. 
. Defining document command \tothe with arg. spec. '' on line 4.
.................................................
.................................................
. LaTeX info: "xparse/define-command"
. 
. Defining document command \kilogram with arg. spec. '' on line 4.
.................................................
.................................................
. LaTeX info: "xparse/define-command"
. 
. Defining document command \metre with arg. spec. '' on line 4.
.................................................
.................................................
. LaTeX info: "xparse/define-command"
. 
. Defining document command \meter with arg. spec. '' on line 4.
.................................................
.................................................
. LaTeX info: "xparse/define-command"
. 
. Defining document command \mole with arg. spec. '' on line 4.
.................................................
.................................................
. LaTeX info: "xparse/define-command"
. 
. Defining document command \second with arg. spec. '' on line 4.
.................................................
.................................................
. LaTeX info: "xparse/define-command"
. 
. Defining document command \ampere with arg. spec. '' on line 4.
.................................................
.................................................
. LaTeX info: "xparse/define-command"
. 
. Defining document command \kelvin with arg. spec. '' on line 4.
.................................................
.................................................
. LaTeX info: "xparse/define-command"
. 
. Defining document command \candela with arg. spec. '' on line 4.
.................................................
.................................................
. LaTeX info: "xparse/define-command"
. 
. Defining document command \gram with arg. spec. '' on line 4.
.................................................
.................................................
. LaTeX info: "xparse/define-command"
. 
. Defining document command \yocto with arg. spec. '' on line 4.
.................................................
.................................................
. LaTeX info: "xparse/define-command"
. 
. Defining document command \zepto with arg. spec. '' on line 4.
.................................................
.................................................
. LaTeX info: "xparse/define-command"
. 
. Defining document command \atto with arg. spec. '' on line 4.
.................................................
.................................................
. LaTeX info: "xparse/define-command"
. 
. Defining document command \femto with arg. spec. '' on line 4.
.................................................
.................................................
. LaTeX info: "xparse/define-command"
. 
. Defining document command \pico with arg. spec. '' on line 4.
.................................................
.................................................
. LaTeX info: "xparse/define-command"
. 
. Defining document command \nano with arg. spec. '' on line 4.
.................................................
.................................................
. LaTeX info: "xparse/define-command"
. 
. Defining document command \micro with arg. spec. '' on line 4.
.................................................
.................................................
. LaTeX info: "xparse/define-command"
. 
. Defining document command \milli with arg. spec. '' on line 4.
.................................................
.................................................
. LaTeX info: "xparse/define-command"
. 
. Defining document command \centi with arg. spec. '' on line 4.
.................................................
.................................................
. LaTeX info: "xparse/define-command"
. 
. Defining document command \deci with arg. spec. '' on line 4.
.................................................
.................................................
. LaTeX info: "xparse/define-command"
. 
. Defining document command \deca with arg. spec. '' on line 4.
.................................................
.................................................
. LaTeX info: "xparse/define-command"
. 
. Defining document command \deka with arg. spec. '' on line 4.
.................................................
.................................................
. LaTeX info: "xparse/define-command"
. 
. Defining document command \hecto with arg. spec. '' on line 4.
.................................................
.................................................
. LaTeX info: "xparse/define-command"
. 
. Defining document command \kilo with arg. spec. '' on line 4.
.................................................
.................................................
. LaTeX info: "xparse/define-command"
. 
. Defining document command \mega with arg. spec. '' on line 4.
.................................................
.................................................
. LaTeX info: "xparse/define-command"
. 
. Defining document command \giga with arg. spec. '' on line 4.
.................................................
.................................................
. LaTeX info: "xparse/define-command"
. 
. Defining document command \tera with arg. spec. '' on line 4.
.................................................
.................................................
. LaTeX info: "xparse/define-command"
. 
. Defining document command \peta with arg. spec. '' on line 4.
.................................................
.................................................
. LaTeX info: "xparse/define-command"
. 
. Defining document command \exa with arg. spec. '' on line 4.
.................................................
.................................................
. LaTeX info: "xparse/define-command"
. 
. Defining document command \zetta with arg. spec. '' on line 4.
.................................................
.................................................
. LaTeX info: "xparse/define-command"
. 
. Defining document command \yotta with arg. spec. '' on line 4.
.................................................
.................................................
. LaTeX info: "xparse/define-command"
. 
. Defining document command \becquerel with arg. spec. '' on line 4.
.................................................
.................................................
. LaTeX info: "xparse/define-command"
. 
. Defining document command \celsius with arg. spec. '' on line 4.
.................................................
.................................................
. LaTeX info: "xparse/define-command"
. 
. Defining document command \degreeCelsius with arg. spec. '' on line 4.
.................................................
.................................................
. LaTeX info: "xparse/define-command"
. 
. Defining document command \coulomb with arg. spec. '' on line 4.
.................................................
.................................................
. LaTeX info: "xparse/define-command"
. 
. Defining document command \farad with arg. spec. '' on line 4.
.................................................
.................................................
. LaTeX info: "xparse/define-command"
. 
. Defining document command \gray with arg. spec. '' on line 4.
.................................................
.................................................
. LaTeX info: "xparse/define-command"
. 
. Defining document command \hertz with arg. spec. '' on line 4.
.................................................
.................................................
. LaTeX info: "xparse/define-command"
. 
. Defining document command \henry with arg. spec. '' on line 4.
.................................................
.................................................
. LaTeX info: "xparse/define-command"
. 
. Defining document command \joule with arg. spec. '' on line 4.
.................................................
.................................................
. LaTeX info: "xparse/define-command"
. 
. Defining document command \katal with arg. spec. '' on line 4.
.................................................
.................................................
. LaTeX info: "xparse/define-command"
. 
. Defining document command \lumen with arg. spec. '' on line 4.
.................................................
.................................................
. LaTeX info: "xparse/define-command"
. 
. Defining document command \lux with arg. spec. '' on line 4.
.................................................
.................................................
. LaTeX info: "xparse/define-command"
. 
. Defining document command \newton with arg. spec. '' on line 4.
.................................................
.................................................
. LaTeX info: "xparse/define-command"
. 
. Defining document command \ohm with arg. spec. '' on line 4.
.................................................
.................................................
. LaTeX info: "xparse/define-command"
. 
. Defining document command \pascal with arg. spec. '' on line 4.
.................................................
.................................................
. LaTeX info: "xparse/define-command"
. 
. Defining document command \radian with arg. spec. '' on line 4.
.................................................
.................................................
. LaTeX info: "xparse/define-command"
. 
. Defining document command \siemens with arg. spec. '' on line 4.
.................................................
.................................................
. LaTeX info: "xparse/define-command"
. 
. Defining document command \sievert with arg. spec. '' on line 4.
.................................................
.................................................
. LaTeX info: "xparse/define-command"
. 
. Defining document command \steradian with arg. spec. '' on line 4.
.................................................
.................................................
. LaTeX info: "xparse/define-command"
. 
. Defining document command \tesla with arg. spec. '' on line 4.
.................................................
.................................................
. LaTeX info: "xparse/define-command"
. 
. Defining document command \volt with arg. spec. '' on line 4.
.................................................
.................................................
. LaTeX info: "xparse/define-command"
. 
. Defining document command \watt with arg. spec. '' on line 4.
.................................................
.................................................
. LaTeX info: "xparse/define-command"
. 
. Defining document command \weber with arg. spec. '' on line 4.
.................................................
.................................................
. LaTeX info: "xparse/define-command"
. 
. Defining document command \arcmin with arg. spec. '' on line 4.
.................................................
.................................................
. LaTeX info: "xparse/define-command"
. 
. Defining document command \arcminute with arg. spec. '' on line 4.
.................................................
.................................................
. LaTeX info: "xparse/define-command"
. 
. Defining document command \arcsecond with arg. spec. '' on line 4.
.................................................
.................................................
. LaTeX info: "xparse/define-command"
. 
. Defining document command \degree with arg. spec. '' on line 4.
.................................................
.................................................
. LaTeX info: "xparse/define-command"
. 
. Defining document command \hectare with arg. spec. '' on line 4.
.................................................
.................................................
. LaTeX info: "xparse/define-command"
. 
. Defining document command \hour with arg. spec. '' on line 4.
.................................................
.................................................
. LaTeX info: "xparse/define-command"
. 
. Defining document command \litre with arg. spec. '' on line 4.
.................................................
.................................................
. LaTeX info: "xparse/define-command"
. 
. Defining document command \liter with arg. spec. '' on line 4.
.................................................
.................................................
. LaTeX info: "xparse/define-command"
. 
. Defining document command \minute with arg. spec. '' on line 4.
.................................................
.................................................
. LaTeX info: "xparse/define-command"
. 
. Defining document command \percent with arg. spec. '' on line 4.
.................................................
.................................................
. LaTeX info: "xparse/define-command"
. 
. Defining document command \tonne with arg. spec. '' on line 4.
.................................................
.................................................
. LaTeX info: "xparse/define-command"
. 
. Defining document command \astronomicalunit with arg. spec. '' on line 4.
.................................................
.................................................
. LaTeX info: "xparse/define-command"
. 
. Defining document command \atomicmassunit with arg. spec. '' on line 4.
.................................................
.................................................
. LaTeX info: "xparse/define-command"
. 
. Defining document command \electronvolt with arg. spec. '' on line 4.
.................................................
.................................................
. LaTeX info: "xparse/define-command"
. 
. Defining document command \dalton with arg. spec. '' on line 4.
.................................................
.................................................
. LaTeX info: "xparse/define-command"
. 
. Defining document command \clight with arg. spec. '' on line 4.
.................................................
.................................................
. LaTeX info: "xparse/define-command"
. 
. Defining document command \electronmass with arg. spec. '' on line 4.
.................................................
.................................................
. LaTeX info: "xparse/define-command"
. 
. Defining document command \planckbar with arg. spec. '' on line 4.
.................................................
.................................................
. LaTeX info: "xparse/define-command"
. 
. Defining document command \elementarycharge with arg. spec. '' on line 4.
.................................................
.................................................
. LaTeX info: "xparse/define-command"
. 
. Defining document command \bohr with arg. spec. '' on line 4.
.................................................
.................................................
. LaTeX info: "xparse/define-command"
. 
. Defining document command \hartree with arg. spec. '' on line 4.
.................................................
.................................................
. LaTeX info: "xparse/define-command"
. 
. Defining document command \angstrom with arg. spec. '' on line 4.
.................................................
.................................................
. LaTeX info: "xparse/define-command"
. 
. Defining document command \barn with arg. spec. '' on line 4.
.................................................
.................................................
. LaTeX info: "xparse/define-command"
. 
. Defining document command \bel with arg. spec. '' on line 4.
.................................................
.................................................
. LaTeX info: "xparse/define-command"
. 
. Defining document command \decibel with arg. spec. '' on line 4.
.................................................
.................................................
. LaTeX info: "xparse/define-command"
. 
. Defining document command \knot with arg. spec. '' on line 4.
.................................................
.................................................
. LaTeX info: "xparse/define-command"
. 
. Defining document command \mmHg with arg. spec. '' on line 4.
.................................................
.................................................
. LaTeX info: "xparse/define-command"
. 
. Defining document command \nauticalmile with arg. spec. '' on line 4.
.................................................
.................................................
. LaTeX info: "xparse/define-command"
. 
. Defining document command \neper with arg. spec. '' on line 4.
.................................................
.................................................
. LaTeX info: "xparse/define-command"
. 
. Defining document command \squared with arg. spec. '' on line 4.
.................................................
.................................................
. LaTeX info: "xparse/define-command"
. 
. Defining document command \cubic with arg. spec. '' on line 4.
.................................................
.................................................
. LaTeX info: "xparse/define-command"
. 
. Defining document command \cubed with arg. spec. '' on line 4.
.................................................
.................................................
. LaTeX info: "xparse/define-command"
. 
. Defining document command \Square with arg. spec. '' on line 4.
.................................................
.................................................
. LaTeX info: "xparse/define-command"
. 
. Defining document command \ssquare with arg. spec. '' on line 4.
.................................................
.................................................
. LaTeX info: "xparse/define-command"
. 
. Defining document command \BAR with arg. spec. '' on line 4.
.................................................
.................................................
. LaTeX info: "xparse/define-command"
. 
. Defining document command \bbar with arg. spec. '' on line 4.
.................................................
.................................................
. LaTeX info: "xparse/define-command"
. 
. Defining document command \Day with arg. spec. '' on line 4.
.................................................
.................................................
. LaTeX info: "xparse/define-command"
. 
. Defining document command \dday with arg. spec. '' on line 4.
.................................................
.................................................
. LaTeX info: "xparse/define-command"
. 
. Defining document command \Gray with arg. spec. '' on line 4.
.................................................
.................................................
. LaTeX info: "xparse/define-command"
. 
. Defining document command \ggray with arg. spec. '' on line 4.
.................................................
.................................................
. LaTeX info: "xparse/define-command"
. 
. Defining document command \atomicmass with arg. spec. '' on line 4.
.................................................
.................................................
. LaTeX info: "xparse/define-command"
. 
. Defining document command \arcsec with arg. spec. '' on line 4.
.................................................
.................................................
. LaTeX info: "xparse/define-command"
. 
. Defining document command \are with arg. spec. '' on line 4.
.................................................
.................................................
. LaTeX info: "xparse/define-command"
. 
. Defining document command \curie with arg. spec. '' on line 4.
.................................................
.................................................
. LaTeX info: "xparse/define-command"
. 
. Defining document command \gal with arg. spec. '' on line 4.
.................................................
.................................................
. LaTeX info: "xparse/define-command"
. 
. Defining document command \millibar with arg. spec. '' on line 4.
.................................................
.................................................
. LaTeX info: "xparse/define-command"
. 
. Defining document command \rad with arg. spec. '' on line 4.
.................................................
.................................................
. LaTeX info: "xparse/define-command"
. 
. Defining document command \rem with arg. spec. '' on line 4.
.................................................
.................................................
. LaTeX info: "xparse/define-command"
. 
. Defining document command \roentgen with arg. spec. '' on line 4.
.................................................
.................................................
. LaTeX info: "xparse/define-command"
. 
. Defining document command \micA with arg. spec. '' on line 4.
.................................................
.................................................
. LaTeX info: "xparse/define-command"
. 
. Defining document command \micmol with arg. spec. '' on line 4.
.................................................
.................................................
. LaTeX info: "xparse/define-command"
. 
. Defining document command \micl with arg. spec. '' on line 4.
.................................................
.................................................
. LaTeX info: "xparse/define-command"
. 
. Defining document command \micL with arg. spec. '' on line 4.
.................................................
.................................................
. LaTeX info: "xparse/define-command"
. 
. Defining document command \nanog with arg. spec. '' on line 4.
.................................................
.................................................
. LaTeX info: "xparse/define-command"
. 
. Defining document command \micg with arg. spec. '' on line 4.
.................................................
.................................................
. LaTeX info: "xparse/define-command"
. 
. Defining document command \picm with arg. spec. '' on line 4.
.................................................
.................................................
. LaTeX info: "xparse/define-command"
. 
. Defining document command \micm with arg. spec. '' on line 4.
.................................................
.................................................
. LaTeX info: "xparse/define-command"
. 
. Defining document command \Sec with arg. spec. '' on line 4.
.................................................
.................................................
. LaTeX info: "xparse/define-command"
. 
. Defining document command \mics with arg. spec. '' on line 4.
.................................................
.................................................
. LaTeX info: "xparse/define-command"
. 
. Defining document command \cmc with arg. spec. '' on line 4.
.................................................
.................................................
. LaTeX info: "xparse/define-command"
. 
. Defining document command \dmc with arg. spec. '' on line 4.
.................................................
.................................................
. LaTeX info: "xparse/define-command"
. 
. Defining document command \cms with arg. spec. '' on line 4.
.................................................
.................................................
. LaTeX info: "xparse/define-command"
. 
. Defining document command \centimetrecubed with arg. spec. '' on line 4.
.................................................
.................................................
. LaTeX info: "xparse/define-command"
. 
. Defining document command \centimetresquared with arg. spec. '' on line 4.
.................................................
.................................................
. LaTeX info: "xparse/define-command"
. 
. Defining document command \cubiccentimetre with arg. spec. '' on line 4.
.................................................
.................................................
. LaTeX info: "xparse/define-command"
. 
. Defining document command \cubicdecimetre with arg. spec. '' on line 4.
.................................................
.................................................
. LaTeX info: "xparse/define-command"
. 
. Defining document command \squarecentimetre with arg. spec. '' on line 4.
.................................................
.................................................
. LaTeX info: "xparse/define-command"
. 
. Defining document command \squaremetre with arg. spec. '' on line 4.
.................................................
.................................................
. LaTeX info: "xparse/define-command"
. 
. Defining document command \squarekilometre with arg. spec. '' on line 4.
.................................................
.................................................
. LaTeX info: "xparse/define-command"
. 
. Defining document command \parsec with arg. spec. '' on line 4.
.................................................
.................................................
. LaTeX info: "xparse/define-command"
. 
. Defining document command \lightyear with arg. spec. '' on line 4.
.................................................
.................................................
. LaTeX info: "xparse/define-command"
. 
. Defining document command \gmol with arg. spec. '' on line 4.
.................................................
.................................................
. LaTeX info: "xparse/define-command"
. 
. Defining document command \kgmol with arg. spec. '' on line 4.
.................................................
.................................................
. LaTeX info: "xparse/define-command"
. 
. Defining document command \lbmol with arg. spec. '' on line 4.
.................................................
.................................................
. LaTeX info: "xparse/define-command"
. 
. Defining document command \molar with arg. spec. '' on line 4.
.................................................
.................................................
. LaTeX info: "xparse/define-command"
. 
. Defining document command \Molar with arg. spec. '' on line 4.
.................................................
.................................................
. LaTeX info: "xparse/define-command"
. 
. Defining document command \torr with arg. spec. '' on line 4.
.................................................
.................................................
. LaTeX info: "xparse/define-command"
. 
. Defining document command \gon with arg. spec. '' on line 4.
.................................................
.................................................
. LaTeX info: "xparse/define-command"
. 
. Defining document command \micron with arg. spec. '' on line 4.
.................................................
.................................................
. LaTeX info: "xparse/define-command"
. 
. Defining document command \mrad with arg. spec. '' on line 4.
.................................................
.................................................
. LaTeX info: "xparse/define-command"
. 
. Defining document command \gauss with arg. spec. '' on line 4.
.................................................
.................................................
. LaTeX info: "xparse/define-command"
. 
. Defining document command \eVperc with arg. spec. '' on line 4.
.................................................
.................................................
. LaTeX info: "xparse/define-command"
. 
. Defining document command \nanobarn with arg. spec. '' on line 4.
.................................................
.................................................
. LaTeX info: "xparse/define-command"
. 
. Defining document command \picobarn with arg. spec. '' on line 4.
.................................................
.................................................
. LaTeX info: "xparse/define-command"
. 
. Defining document command \femtobarn with arg. spec. '' on line 4.
.................................................
.................................................
. LaTeX info: "xparse/define-command"
. 
. Defining document command \attobarn with arg. spec. '' on line 4.
.................................................
.................................................
. LaTeX info: "xparse/define-command"
. 
. Defining document command \zeptobarn with arg. spec. '' on line 4.
.................................................
.................................................
. LaTeX info: "xparse/define-command"
. 
. Defining document command \yoctobarn with arg. spec. '' on line 4.
.................................................
.................................................
. LaTeX info: "xparse/define-command"
. 
. Defining document command \nb with arg. spec. '' on line 4.
.................................................
.................................................
. LaTeX info: "xparse/define-command"
. 
. Defining document command \pb with arg. spec. '' on line 4.
.................................................
.................................................
. LaTeX info: "xparse/define-command"
. 
. Defining document command \fb with arg. spec. '' on line 4.
.................................................
.................................................
. LaTeX info: "xparse/define-command"
. 
. Defining document command \ab with arg. spec. '' on line 4.
.................................................
.................................................
. LaTeX info: "xparse/define-command"
. 
. Defining document command \zb with arg. spec. '' on line 4.
.................................................
.................................................
. LaTeX info: "xparse/define-command"
. 
. Defining document command \yb with arg. spec. '' on line 4.
.................................................
.................................................
. LaTeX info: "xparse/define-command"
. 
. Defining document command \A with arg. spec. '' on line 4.
.................................................
.................................................
. LaTeX info: "xparse/define-command"
. 
. Defining document command \pA with arg. spec. '' on line 4.
.................................................
.................................................
. LaTeX info: "xparse/define-command"
. 
. Defining document command \nA with arg. spec. '' on line 4.
.................................................
.................................................
. LaTeX info: "xparse/define-command"
. 
. Defining document command \uA with arg. spec. '' on line 4.
.................................................
.................................................
. LaTeX info: "xparse/define-command"
. 
. Defining document command \mA with arg. spec. '' on line 4.
.................................................
.................................................
. LaTeX info: "xparse/define-command"
. 
. Defining document command \kA with arg. spec. '' on line 4.
.................................................
.................................................
. LaTeX info: "xparse/define-command"
. 
. Defining document command \Hz with arg. spec. '' on line 4.
.................................................
.................................................
. LaTeX info: "xparse/define-command"
. 
. Defining document command \mHz with arg. spec. '' on line 4.
.................................................
.................................................
. LaTeX info: "xparse/define-command"
. 
. Defining document command \kHz with arg. spec. '' on line 4.
.................................................
.................................................
. LaTeX info: "xparse/define-command"
. 
. Defining document command \MHz with arg. spec. '' on line 4.
.................................................
.................................................
. LaTeX info: "xparse/define-command"
. 
. Defining document command \GHz with arg. spec. '' on line 4.
.................................................
.................................................
. LaTeX info: "xparse/define-command"
. 
. Defining document command \THz with arg. spec. '' on line 4.
.................................................
.................................................
. LaTeX info: "xparse/define-command"
. 
. Defining document command \mol with arg. spec. '' on line 4.
.................................................
.................................................
. LaTeX info: "xparse/define-command"
. 
. Defining document command \fmol with arg. spec. '' on line 4.
.................................................
.................................................
. LaTeX info: "xparse/define-command"
. 
. Defining document command \pmol with arg. spec. '' on line 4.
.................................................
.................................................
. LaTeX info: "xparse/define-command"
. 
. Defining document command \nmol with arg. spec. '' on line 4.
.................................................
.................................................
. LaTeX info: "xparse/define-command"
. 
. Defining document command \umol with arg. spec. '' on line 4.
.................................................
.................................................
. LaTeX info: "xparse/define-command"
. 
. Defining document command \mmol with arg. spec. '' on line 4.
.................................................
.................................................
. LaTeX info: "xparse/define-command"
. 
. Defining document command \kmol with arg. spec. '' on line 4.
.................................................
.................................................
. LaTeX info: "xparse/define-command"
. 
. Defining document command \V with arg. spec. '' on line 4.
.................................................
.................................................
. LaTeX info: "xparse/define-command"
. 
. Defining document command \pV with arg. spec. '' on line 4.
.................................................
.................................................
. LaTeX info: "xparse/define-command"
. 
. Defining document command \nV with arg. spec. '' on line 4.
.................................................
.................................................
. LaTeX info: "xparse/define-command"
. 
. Defining document command \uV with arg. spec. '' on line 4.
.................................................
.................................................
. LaTeX info: "xparse/define-command"
. 
. Defining document command \mV with arg. spec. '' on line 4.
.................................................
.................................................
. LaTeX info: "xparse/define-command"
. 
. Defining document command \kV with arg. spec. '' on line 4.
.................................................
.................................................
. LaTeX info: "xparse/define-command"
. 
. Defining document command \hl with arg. spec. '' on line 4.
.................................................
.................................................
. LaTeX info: "xparse/define-command"
. 
. Defining document command \ml with arg. spec. '' on line 4.
.................................................
.................................................
. LaTeX info: "xparse/define-command"
. 
. Defining document command \ul with arg. spec. '' on line 4.
.................................................
.................................................
. LaTeX info: "xparse/define-command"
. 
. Defining document command \hL with arg. spec. '' on line 4.
.................................................
.................................................
. LaTeX info: "xparse/define-command"
. 
. Defining document command \mL with arg. spec. '' on line 4.
.................................................
.................................................
. LaTeX info: "xparse/define-command"
. 
. Defining document command \uL with arg. spec. '' on line 4.
.................................................
.................................................
. LaTeX info: "xparse/define-command"
. 
. Defining document command \fg with arg. spec. '' on line 4.
.................................................
.................................................
. LaTeX info: "xparse/define-command"
. 
. Defining document command \pg with arg. spec. '' on line 4.
.................................................
.................................................
. LaTeX info: "xparse/define-command"
. 
. Defining document command \ug with arg. spec. '' on line 4.
.................................................
.................................................
. LaTeX info: "xparse/define-command"
. 
. Defining document command \mg with arg. spec. '' on line 4.
.................................................
.................................................
. LaTeX info: "xparse/define-command"
. 
. Defining document command \g with arg. spec. '' on line 4.
.................................................
.................................................
. LaTeX info: "xparse/define-command"
. 
. Defining document command \kg with arg. spec. '' on line 4.
.................................................
.................................................
. LaTeX info: "xparse/define-command"
. 
. Defining document command \amu with arg. spec. '' on line 4.
.................................................
.................................................
. LaTeX info: "xparse/define-command"
. 
. Defining document command \W with arg. spec. '' on line 4.
.................................................
.................................................
. LaTeX info: "xparse/define-command"
. 
. Defining document command \uW with arg. spec. '' on line 4.
.................................................
.................................................
. LaTeX info: "xparse/define-command"
. 
. Defining document command \mW with arg. spec. '' on line 4.
.................................................
.................................................
. LaTeX info: "xparse/define-command"
. 
. Defining document command \kW with arg. spec. '' on line 4.
.................................................
.................................................
. LaTeX info: "xparse/define-command"
. 
. Defining document command \MW with arg. spec. '' on line 4.
.................................................
.................................................
. LaTeX info: "xparse/define-command"
. 
. Defining document command \GW with arg. spec. '' on line 4.
.................................................
.................................................
. LaTeX info: "xparse/define-command"
. 
. Defining document command \J with arg. spec. '' on line 4.
.................................................
.................................................
. LaTeX info: "xparse/define-command"
. 
. Defining document command \kJ with arg. spec. '' on line 4.
.................................................
.................................................
. LaTeX info: "xparse/define-command"
. 
. Defining document command \eV with arg. spec. '' on line 4.
.................................................
.................................................
. LaTeX info: "xparse/define-command"
. 
. Defining document command \meV with arg. spec. '' on line 4.
.................................................
.................................................
. LaTeX info: "xparse/define-command"
. 
. Defining document command \keV with arg. spec. '' on line 4.
.................................................
.................................................
. LaTeX info: "xparse/define-command"
. 
. Defining document command \MeV with arg. spec. '' on line 4.
.................................................
.................................................
. LaTeX info: "xparse/define-command"
. 
. Defining document command \GeV with arg. spec. '' on line 4.
.................................................
.................................................
. LaTeX info: "xparse/define-command"
. 
. Defining document command \TeV with arg. spec. '' on line 4.
.................................................
.................................................
. LaTeX info: "xparse/define-command"
. 
. Defining document command \kWh with arg. spec. '' on line 4.
.................................................
.................................................
. LaTeX info: "xparse/define-command"
. 
. Defining document command \m with arg. spec. '' on line 4.
.................................................
.................................................
. LaTeX info: "xparse/define-command"
. 
. Defining document command \nm with arg. spec. '' on line 4.
.................................................
.................................................
. LaTeX info: "xparse/define-command"
. 
. Defining document command \um with arg. spec. '' on line 4.
.................................................
.................................................
. LaTeX info: "xparse/define-command"
. 
. Defining document command \mm with arg. spec. '' on line 4.
.................................................
.................................................
. LaTeX info: "xparse/define-command"
. 
. Defining document command \cm with arg. spec. '' on line 4.
.................................................
.................................................
. LaTeX info: "xparse/define-command"
. 
. Defining document command \dm with arg. spec. '' on line 4.
.................................................
.................................................
. LaTeX info: "xparse/define-command"
. 
. Defining document command \km with arg. spec. '' on line 4.
.................................................
.................................................
. LaTeX info: "xparse/define-command"
. 
. Defining document command \K with arg. spec. '' on line 4.
.................................................
.................................................
. LaTeX info: "xparse/define-command"
. 
. Defining document command \dB with arg. spec. '' on line 4.
.................................................
.................................................
. LaTeX info: "xparse/define-command"
. 
. Defining document command \F with arg. spec. '' on line 4.
.................................................
.................................................
. LaTeX info: "xparse/define-command"
. 
. Defining document command \fF with arg. spec. '' on line 4.
.................................................
.................................................
. LaTeX info: "xparse/define-command"
. 
. Defining document command \pF with arg. spec. '' on line 4.
.................................................
.................................................
. LaTeX info: "xparse/define-command"
. 
. Defining document command \N with arg. spec. '' on line 4.
.................................................
.................................................
. LaTeX info: "xparse/define-command"
. 
. Defining document command \mN with arg. spec. '' on line 4.
.................................................
.................................................
. LaTeX info: "xparse/define-command"
. 
. Defining document command \kN with arg. spec. '' on line 4.
.................................................
.................................................
. LaTeX info: "xparse/define-command"
. 
. Defining document command \MN with arg. spec. '' on line 4.
.................................................
.................................................
. LaTeX info: "xparse/define-command"
. 
. Defining document command \Pa with arg. spec. '' on line 4.
.................................................
.................................................
. LaTeX info: "xparse/define-command"
. 
. Defining document command \kPa with arg. spec. '' on line 4.
.................................................
.................................................
. LaTeX info: "xparse/define-command"
. 
. Defining document command \MPa with arg. spec. '' on line 4.
.................................................
.................................................
. LaTeX info: "xparse/define-command"
. 
. Defining document command \GPa with arg. spec. '' on line 4.
.................................................
.................................................
. LaTeX info: "xparse/define-command"
. 
. Defining document command \mohm with arg. spec. '' on line 4.
.................................................
.................................................
. LaTeX info: "xparse/define-command"
. 
. Defining document command \kohm with arg. spec. '' on line 4.
.................................................
.................................................
. LaTeX info: "xparse/define-command"
. 
. Defining document command \Mohm with arg. spec. '' on line 4.
.................................................
.................................................
. LaTeX info: "xparse/define-command"
. 
. Defining document command \s with arg. spec. '' on line 4.
.................................................
.................................................
. LaTeX info: "xparse/define-command"
. 
. Defining document command \as with arg. spec. '' on line 4.
.................................................
.................................................
. LaTeX info: "xparse/define-command"
. 
. Defining document command \fs with arg. spec. '' on line 4.
.................................................
.................................................
. LaTeX info: "xparse/define-command"
. 
. Defining document command \ps with arg. spec. '' on line 4.
.................................................
.................................................
. LaTeX info: "xparse/define-command"
. 
. Defining document command \ns with arg. spec. '' on line 4.
.................................................
.................................................
. LaTeX info: "xparse/define-command"
. 
. Defining document command \us with arg. spec. '' on line 4.
.................................................
.................................................
. LaTeX info: "xparse/define-command"
. 
. Defining document command \ms with arg. spec. '' on line 4.
.................................................
.................................................
. LaTeX info: "xparse/define-command"
. 
. Defining document command \kibi with arg. spec. '' on line 4.
.................................................
.................................................
. LaTeX info: "xparse/define-command"
. 
. Defining document command \mebi with arg. spec. '' on line 4.
.................................................
.................................................
. LaTeX info: "xparse/define-command"
. 
. Defining document command \gibi with arg. spec. '' on line 4.
.................................................
.................................................
. LaTeX info: "xparse/define-command"
. 
. Defining document command \tebi with arg. spec. '' on line 4.
.................................................
.................................................
. LaTeX info: "xparse/define-command"
. 
. Defining document command \pebi with arg. spec. '' on line 4.
.................................................
.................................................
. LaTeX info: "xparse/define-command"
. 
. Defining document command \exbi with arg. spec. '' on line 4.
.................................................
.................................................
. LaTeX info: "xparse/define-command"
. 
. Defining document command \zebi with arg. spec. '' on line 4.
.................................................
.................................................
. LaTeX info: "xparse/define-command"
. 
. Defining document command \yobi with arg. spec. '' on line 4.
.................................................
.................................................
. LaTeX info: "xparse/define-command"
. 
. Defining document command \bit with arg. spec. '' on line 4.
.................................................
.................................................
. LaTeX info: "xparse/define-command"
. 
. Defining document command \byte with arg. spec. '' on line 4.
.................................................
\c__siunitx_mathsf_int=\count188
LaTeX Font Info:    Try loading font information for U+msa on input line 4.
("C:\Program Files\MiKTeX 2.9\tex\latex\amsfonts\umsa.fd"
File: umsa.fd 2009/06/22 v3.00 AMS symbols A
)
LaTeX Font Info:    Try loading font information for U+msb on input line 4.

("C:\Program Files\MiKTeX 2.9\tex\latex\amsfonts\umsb.fd"
File: umsb.fd 2009/06/22 v3.00 AMS symbols B
)
LaTeX Font Info:    Try loading font information for U+esvect on input line 4.

("C:\Program Files\MiKTeX 2.9\tex\latex\esvect\uesvect.fd"
File: uesvect.fd 
)
\c__siunitx_mathtt_int=\count189
LaTeX Font Info:    Try loading font information for T1+cmss on input line 6.

("C:\Program Files\MiKTeX 2.9\tex\latex\base\t1cmss.fd"
File: t1cmss.fd 1999/05/25 v2.5h Standard LaTeX font definitions
) [1

{C:/ProgramData/MiKTeX/2.9/pdftex/config/pdftex.map}]
("C:\Users\Justin\Documents\GitHub\APMedPhysik\Fourier-Analyse u. Synthese\Four
ier-Analyse.toc")
\tf@toc=\write5
 [2] [3] [4] [5]
Package epstopdf Info: Source file: <Schaltung1.eps>
(epstopdf)                    date: 2012-11-21 20:01:27
(epstopdf)                    size: 1236835 bytes
(epstopdf)             Output file: <Schaltung1-eps-converted-to.pdf>
(epstopdf)                    date: 2012-11-21 20:10:45
(epstopdf)                    size: 7617 bytes
(epstopdf)             Command: <epstopdf --outfile=Schaltung1-eps-converted-to
.pdf Schaltung1.eps>
(epstopdf)             \includegraphics on input line 53.
Package epstopdf Info: Output file is already uptodate.

<Schaltung1-eps-converted-to.pdf, id=84, 602.25pt x 188.705pt>
File: Schaltung1-eps-converted-to.pdf Graphic file (type pdf)

<use Schaltung1-eps-converted-to.pdf>
Package pdftex.def Info: Schaltung1-eps-converted-to.pdf used on input line 53.

(pdftex.def)             Requested size: 418.25555pt x 131.05888pt.
Package epstopdf Info: Source file: <Schaltung2.eps>
(epstopdf)                    date: 2012-11-21 20:01:27
(epstopdf)                    size: 1236835 bytes
(epstopdf)             Output file: <Schaltung2-eps-converted-to.pdf>
(epstopdf)                    date: 2012-11-21 20:10:47
(epstopdf)                    size: 12391 bytes
(epstopdf)             Command: <epstopdf --outfile=Schaltung2-eps-converted-to
.pdf Schaltung2.eps>
(epstopdf)             \includegraphics on input line 55.
Package epstopdf Info: Output file is already uptodate.

<Schaltung2-eps-converted-to.pdf, id=85, 602.25pt x 188.705pt>
File: Schaltung2-eps-converted-to.pdf Graphic file (type pdf)

<use Schaltung2-eps-converted-to.pdf>
Package pdftex.def Info: Schaltung2-eps-converted-to.pdf used on input line 55.

(pdftex.def)             Requested size: 418.25555pt x 131.05888pt.
Package atveryend Info: Empty hook `BeforeClearDocument' on input line 56.
 [6 <C:/Users/Justin/Documents/GitHub/APMedPhysik/Fourier-Analyse u. Synthese/S
chaltung1-eps-converted-to.pdf> <C:/Users/Justin/Documents/GitHub/APMedPhysik/F
ourier-Analyse u. Synthese/Schaltung2-eps-converted-to.pdf>]
Package atveryend Info: Empty hook `AfterLastShipout' on input line 56.

("C:\Users\Justin\Documents\GitHub\APMedPhysik\Fourier-Analyse u. Synthese\Four
ier-Analyse.aux")
Package atveryend Info: Executing hook `AtVeryEndDocument' on input line 56.
Package atveryend Info: Executing hook `AtEndAfterFileList' on input line 56.
Package rerunfilecheck Info: File `Fourier-Analyse.out' has not changed.
(rerunfilecheck)             Checksum: 2B02CCEA5F8AE7194EAEBD1899539E01;520.
Package atveryend Info: Empty hook `AtVeryVeryEnd' on input line 56.
 ) 
Here is how much of TeX's memory you used:
 19358 strings out of 493921
 382556 string characters out of 3147278
 460404 words of memory out of 3000000
 22332 multiletter control sequences out of 15000+200000
 19625 words of font info for 68 fonts, out of 3000000 for 9000
 841 hyphenation exceptions out of 8191
 56i,7n,53p,1502b,939s stack positions out of 5000i,500n,10000p,200000b,50000s
 <C:\Users\Justin\AppData\Local\MiKTeX\2.9\fonts\pk\ljfour\jknappen\ec\dpi600
\ecsx1200.pk> <C:\Users\Justin\AppData\Local\MiKTeX\2.9\fonts\pk\ljfour\jknappe
n\ec\dpi600\ecrm1095.pk> <C:\Users\Justin\AppData\Local\MiKTeX\2.9\fonts\pk\ljf
our\jknappen\ec\dpi600\ecsx1095.pk> <C:\Users\Justin\AppData\Local\MiKTeX\2.9\f
onts\pk\ljfour\jknappen\ec\dpi600\ecsx1440.pk> <C:\Users\Justin\AppData\Local\M
iKTeX\2.9\fonts\pk\ljfour\jknappen\ec\dpi600\ecrm1440.pk> <C:\Users\Justin\AppD
ata\Local\MiKTeX\2.9\fonts\pk\ljfour\jknappen\ec\dpi600\ecsx2074.pk><C:/Program
 Files/MiKTeX 2.9/fonts/type1/public/amsfonts/cm/cmex10.pfb><C:/Program Files/M
iKTeX 2.9/fonts/type1/public/amsfonts/cm/cmmi10.pfb><C:/Program Files/MiKTeX 2.
9/fonts/type1/public/amsfonts/cm/cmmi8.pfb><C:/Program Files/MiKTeX 2.9/fonts/t
ype1/public/amsfonts/cm/cmr10.pfb><C:/Program Files/MiKTeX 2.9/fonts/type1/publ
ic/amsfonts/cm/cmr8.pfb><C:/Program Files/MiKTeX 2.9/fonts/type1/public/amsfont
s/cm/cmsy8.pfb>
Output written on Fourier-Analyse.pdf (6 pages, 160729 bytes).
PDF statistics:
 349 PDF objects out of 1000 (max. 8388607)
 25 named destinations out of 1000 (max. 500000)
 75 words of extra memory for PDF output out of 10000 (max. 10000000)

