This is pdfTeX, Version 3.1415926-1.40.10 (MiKTeX 2.8) (preloaded format=latex 2012.11.12)  19 NOV 2012 19:03
entering extended mode
**main.tex

("C:\Users\Florian Reiche\Documents\GitHub\APMedPhysik\Lock In-Verstärker\main.
tex"
LaTeX2e <2009/09/24>
Babel <v3.8l> and hyphenation patterns for english, dumylang, nohyphenation, ge
rman, ngerman, german-x-2009-06-19, ngerman-x-2009-06-19, french, loaded.
("C:\Users\Florian Reiche\Documents\GitHub\APMedPhysik\include\header.tex"
("C:\Program Files (x86)\MiKTeX 2.8\tex\latex\koma-script\scrartcl.cls"
Document Class: scrartcl 2011/04/02 v3.09 KOMA-Script document class (article)
("C:\Program Files (x86)\MiKTeX 2.8\tex\latex\koma-script\scrkbase.sty"
Package: scrkbase 2011/04/02 v3.09 KOMA-Script package (KOMA-Script-dependent b
asics and keyval usage)

("C:\Program Files (x86)\MiKTeX 2.8\tex\latex\koma-script\scrbase.sty"
Package: scrbase 2011/04/02 v3.09 KOMA-Script package (KOMA-Script-independent 
basics and keyval usage)

("C:\Program Files (x86)\MiKTeX 2.8\tex\latex\graphics\keyval.sty"
Package: keyval 1999/03/16 v1.13 key=value parser (DPC)
\KV@toks@=\toks14
)
("C:\Program Files (x86)\MiKTeX 2.8\tex\latex\koma-script\scrlfile.sty"
Package: scrlfile 2011/03/09 v3.09 KOMA-Script package (loading files)

Package scrlfile, 2011/03/09 v3.09 KOMA-Script package (loading files)
                  Copyright (C) Markus Kohm

))) ("C:\Program Files (x86)\MiKTeX 2.8\tex\latex\koma-script\tocbasic.sty"
Package: tocbasic 2011/03/23 v3.09 KOMA-Script package (handling toc-files)
)
Package tocbasic Info: omitting babel extension for `toc'
(tocbasic)             because of feature `nobabel' available
(tocbasic)             for `toc' on input line 115.
Package tocbasic Info: omitting babel extension for `lof'
(tocbasic)             because of feature `nobabel' available
(tocbasic)             for `lof' on input line 116.
Package tocbasic Info: omitting babel extension for `lot'
(tocbasic)             because of feature `nobabel' available
(tocbasic)             for `lot' on input line 117.
Class scrartcl Info: File `scrsize11pt.clo' used instead of
(scrartcl)           file `scrsize11.clo' to setup font sizes on input line 124
6.

("C:\Program Files (x86)\MiKTeX 2.8\tex\latex\koma-script\scrsize11pt.clo"
File: scrsize11pt.clo 2011/04/02 v3.09 KOMA-Script font size class option (11pt
)
)
("C:\Program Files (x86)\MiKTeX 2.8\tex\latex\koma-script\typearea.sty"
Package: typearea 2011/04/02 v3.09 KOMA-Script package (type area)

Package typearea, 2011/04/02 v3.09 KOMA-Script package (type area)
                  Copyright (C) Frank Neukam, 1992-1994
                  Copyright (C) Markus Kohm, 1994-

\ta@bcor=\skip41
\ta@div=\count79
\ta@hblk=\skip42
\ta@vblk=\skip43
\ta@temp=\skip44
Package typearea Info: These are the values describing the layout:
(typearea)             DIV  = 10
(typearea)             BCOR = 0.0pt
(typearea)             \paperwidth      = 597.50793pt
(typearea)              \textwidth      = 418.25555pt
(typearea)              DIV departure   = -6%
(typearea)              \evensidemargin = 17.3562pt
(typearea)              \oddsidemargin  = 17.3562pt
(typearea)             \paperheight     = 845.04694pt
(typearea)              \textheight     = 595.80026pt
(typearea)              \topmargin      = -25.16531pt
(typearea)              \headheight     = 17.0pt
(typearea)              \headsep        = 20.40001pt
(typearea)              \topskip        = 11.0pt
(typearea)              \footskip       = 47.60002pt
(typearea)              \baselineskip   = 13.6pt
(typearea)              on input line 1138.
)
\c@part=\count80
\c@section=\count81
\c@subsection=\count82
\c@subsubsection=\count83
\c@paragraph=\count84
\c@subparagraph=\count85
\abovecaptionskip=\skip45
\belowcaptionskip=\skip46
\c@pti@nb@sid@b@x=\box26
\c@figure=\count86
\c@table=\count87
\bibindent=\dimen102
) ("C:\Program Files (x86)\MiKTeX 2.8\tex\generic\babel\babel.sty"
Package: babel 2008/07/06 v3.8l The Babel package

*************************************
* Local config file bblopts.cfg used
*
("C:\Program Files (x86)\MiKTeX 2.8\tex\latex\00miktex\bblopts.cfg"
File: bblopts.cfg 2006/07/31 v1.0 MiKTeX 'babel' configuration
)
("C:\Program Files (x86)\MiKTeX 2.8\tex\generic\babel\ngermanb.ldf"
Language: ngermanb 2008/07/06 v2.6n new German support from the babel system

("C:\Program Files (x86)\MiKTeX 2.8\tex\generic\babel\babel.def"
File: babel.def 2008/07/06 v3.8l Babel common definitions
\babel@savecnt=\count88
\U@D=\dimen103
)
\l@naustrian = a dialect from \language\l@ngerman 
Package babel Info: Making " an active character on input line 92.
))
("C:\Program Files (x86)\MiKTeX 2.8\tex\latex\tools\varioref.sty"
Package: varioref 2009/09/13 v1.4w package for extended references (FMi)
\c@vrcnt=\count89
)
("C:\Program Files (x86)\MiKTeX 2.8\tex\latex\base\fontenc.sty"
Package: fontenc 2005/09/27 v1.99g Standard LaTeX package

("C:\Program Files (x86)\MiKTeX 2.8\tex\latex\base\t1enc.def"
File: t1enc.def 2005/09/27 v1.99g Standard LaTeX file
LaTeX Font Info:    Redeclaring font encoding T1 on input line 43.
))
("C:\Program Files (x86)\MiKTeX 2.8\tex\latex\base\inputenc.sty"
Package: inputenc 2008/03/30 v1.1d Input encoding file
\inpenc@prehook=\toks15
\inpenc@posthook=\toks16

("C:\Program Files (x86)\MiKTeX 2.8\tex\latex\base\latin1.def"
File: latin1.def 2008/03/30 v1.1d Input encoding file
))
("C:\Program Files (x86)\MiKTeX 2.8\tex\latex\amsfonts\amsfonts.sty"
Package: amsfonts 2009/06/22 v3.00 Basic AMSFonts support
\@emptytoks=\toks17
\symAMSa=\mathgroup4
\symAMSb=\mathgroup5
LaTeX Font Info:    Overwriting math alphabet `\mathfrak' in version `bold'
(Font)                  U/euf/m/n --> U/euf/b/n on input line 96.
)
("C:\Program Files (x86)\MiKTeX 2.8\tex\latex\amsfonts\amssymb.sty"
Package: amssymb 2009/06/22 v3.00
)
("C:\Program Files (x86)\MiKTeX 2.8\tex\latex\ams\math\amsmath.sty"
Package: amsmath 2000/07/18 v2.13 AMS math features
\@mathmargin=\skip47

For additional information on amsmath, use the `?' option.
("C:\Program Files (x86)\MiKTeX 2.8\tex\latex\ams\math\amstext.sty"
Package: amstext 2000/06/29 v2.01

("C:\Program Files (x86)\MiKTeX 2.8\tex\latex\ams\math\amsgen.sty"
File: amsgen.sty 1999/11/30 v2.0
\@emptytoks=\toks18
\ex@=\dimen104
))
("C:\Program Files (x86)\MiKTeX 2.8\tex\latex\ams\math\amsbsy.sty"
Package: amsbsy 1999/11/29 v1.2d
\pmbraise@=\dimen105
)
("C:\Program Files (x86)\MiKTeX 2.8\tex\latex\ams\math\amsopn.sty"
Package: amsopn 1999/12/14 v2.01 operator names
)
\inf@bad=\count90
LaTeX Info: Redefining \frac on input line 211.
\uproot@=\count91
\leftroot@=\count92
LaTeX Info: Redefining \overline on input line 307.
\classnum@=\count93
\DOTSCASE@=\count94
LaTeX Info: Redefining \ldots on input line 379.
LaTeX Info: Redefining \dots on input line 382.
LaTeX Info: Redefining \cdots on input line 467.
\Mathstrutbox@=\box27
\strutbox@=\box28
\big@size=\dimen106
LaTeX Font Info:    Redeclaring font encoding OML on input line 567.
LaTeX Font Info:    Redeclaring font encoding OMS on input line 568.
\macc@depth=\count95
\c@MaxMatrixCols=\count96
\dotsspace@=\muskip10
\c@parentequation=\count97
\dspbrk@lvl=\count98
\tag@help=\toks19
\row@=\count99
\column@=\count100
\maxfields@=\count101
\andhelp@=\toks20
\eqnshift@=\dimen107
\alignsep@=\dimen108
\tagshift@=\dimen109
\tagwidth@=\dimen110
\totwidth@=\dimen111
\lineht@=\dimen112
\@envbody=\toks21
\multlinegap=\skip48
\multlinetaggap=\skip49
\mathdisplay@stack=\toks22
LaTeX Info: Redefining \[ on input line 2666.
LaTeX Info: Redefining \] on input line 2667.
)
("C:\Program Files (x86)\MiKTeX 2.8\tex\latex\ams\math\amscd.sty"
Package: amscd 1999/11/29 v2.0
\athelp@=\toks23
\minaw@=\dimen113
\bigaw@=\dimen114
\minCDarrowwidth=\dimen115
)
("C:\Program Files (x86)\MiKTeX 2.8\tex\latex\listings\listings.sty"
\lst@mode=\count102
\lst@gtempboxa=\box29
\lst@token=\toks24
\lst@length=\count103
\lst@currlwidth=\dimen116
\lst@column=\count104
\lst@pos=\count105
\lst@lostspace=\dimen117
\lst@width=\dimen118
\lst@newlines=\count106
\lst@lineno=\count107
\lst@maxwidth=\dimen119

("C:\Program Files (x86)\MiKTeX 2.8\tex\latex\listings\lstmisc.sty"
File: lstmisc.sty 2007/02/22 1.4 (Carsten Heinz)
\c@lstnumber=\count108
\lst@skipnumbers=\count109
\lst@framebox=\box30
)
("C:\Program Files (x86)\MiKTeX 2.8\tex\latex\listings\listings.cfg"
File: listings.cfg 2007/02/22 1.4 listings configuration
))
Package: listings 2007/02/22 1.4 (Carsten Heinz)

("C:\Program Files (x86)\MiKTeX 2.8\tex\latex\cite\cite.sty"
LaTeX Info: Redefining \cite on input line 302.
LaTeX Info: Redefining \nocite on input line 373.
Package: cite 2010/09/10  v 5.3
)
("C:\Program Files (x86)\MiKTeX 2.8\tex\latex\tools\longtable.sty"
Package: longtable 2004/02/01 v4.11 Multi-page Table package (DPC)
\LTleft=\skip50
\LTright=\skip51
\LTpre=\skip52
\LTpost=\skip53
\LTchunksize=\count110
\LTcapwidth=\dimen120
\LT@head=\box31
\LT@firsthead=\box32
\LT@foot=\box33
\LT@lastfoot=\box34
\LT@cols=\count111
\LT@rows=\count112
\c@LT@tables=\count113
\c@LT@chunks=\count114
\LT@p@ftn=\toks25
)
Class scrartcl Info: longtable captions redefined on input line 33.

("C:\Program Files (x86)\MiKTeX 2.8\tex\latex\booktabs\booktabs.sty"
Package: booktabs 2005/04/14 v1.61803 publication quality tables
\heavyrulewidth=\dimen121
\lightrulewidth=\dimen122
\cmidrulewidth=\dimen123
\belowrulesep=\dimen124
\belowbottomsep=\dimen125
\aboverulesep=\dimen126
\abovetopsep=\dimen127
\cmidrulesep=\dimen128
\cmidrulekern=\dimen129
\defaultaddspace=\dimen130
\@cmidla=\count115
\@cmidlb=\count116
\@aboverulesep=\dimen131
\@belowrulesep=\dimen132
\@thisruleclass=\count117
\@lastruleclass=\count118
\@thisrulewidth=\dimen133
)
("C:\Program Files (x86)\MiKTeX 2.8\tex\latex\prettyref\prettyref.sty"
Package: prettyref 1998/07/09 v3.0
)
("C:\Program Files (x86)\MiKTeX 2.8\tex\latex\ltxmisc\url.sty"
\Urlmuskip=\muskip11
Package: url 2006/04/12  ver 3.3  Verb mode for urls, etc.
)
("C:\Program Files (x86)\MiKTeX 2.8\tex\latex\base\ifthen.sty"
Package: ifthen 2001/05/26 v1.1c Standard LaTeX ifthen package (DPC)
)
("C:\Program Files (x86)\MiKTeX 2.8\tex\latex\graphics\graphicx.sty"
Package: graphicx 1999/02/16 v1.0f Enhanced LaTeX Graphics (DPC,SPQR)

("C:\Program Files (x86)\MiKTeX 2.8\tex\latex\graphics\graphics.sty"
Package: graphics 2009/02/05 v1.0o Standard LaTeX Graphics (DPC,SPQR)

("C:\Program Files (x86)\MiKTeX 2.8\tex\latex\graphics\trig.sty"
Package: trig 1999/03/16 v1.09 sin cos tan (DPC)
)
("C:\Program Files (x86)\MiKTeX 2.8\tex\latex\00miktex\graphics.cfg"
File: graphics.cfg 2007/01/18 v1.5 graphics configuration of teTeX/TeXLive
)
Package graphics Info: Driver file: dvips.def on input line 91.

("C:\Program Files (x86)\MiKTeX 2.8\tex\latex\graphics\dvips.def"
File: dvips.def 1999/02/16 v3.0i Driver-dependant file (DPC,SPQR)
))
\Gin@req@height=\dimen134
\Gin@req@width=\dimen135
)
("C:\Program Files (x86)\MiKTeX 2.8\tex\latex\footnpag\footnpag.sty"
Package: footnpag 1995/11/10 v2.6 numbering footnotes per page
\old_foot_file=\read1
\foot_file=\write3
\foot_name_no=\count119
)
("C:\Program Files (x86)\MiKTeX 2.8\tex\latex\hyperref\hyperref.sty"
Package: hyperref 2011/04/17 v6.82g Hypertext links for LaTeX

("C:\Program Files (x86)\MiKTeX 2.8\tex\generic\oberdiek\hobsub-hyperref.sty"
Package: hobsub-hyperref 2011/04/23 v1.4 Bundle oberdiek, subset hyperref (HO)

("C:\Program Files (x86)\MiKTeX 2.8\tex\generic\oberdiek\hobsub-generic.sty"
Package: hobsub-generic 2011/04/23 v1.4 Bundle oberdiek, subset generic (HO)
Package: hobsub 2011/04/23 v1.4 Subsetting bundle oberdiek (HO)
Package: infwarerr 2010/04/08 v1.3 Providing info/warning/message (HO)
Package: ltxcmds 2011/04/18 v1.20 LaTeX kernel commands for general use (HO)
Package: ifluatex 2010/03/01 v1.3 Provides the ifluatex switch (HO)
Package ifluatex Info: LuaTeX not detected.
Package: ifvtex 2010/03/01 v1.5 Switches for detecting VTeX and its modes (HO)
Package ifvtex Info: VTeX not detected.
Package: intcalc 2007/09/27 v1.1 Expandable integer calculations (HO)
Package: ifpdf 2011/01/30 v2.3 Provides the ifpdf switch (HO)
Package ifpdf Info: pdfTeX in PDF mode is not detected.
Package: etexcmds 2011/02/16 v1.5 Prefix for e-TeX command names (HO)
Package etexcmds Info: Could not find \expanded.
(etexcmds)             That can mean that you are not using pdfTeX 1.50 or
(etexcmds)             that some package has redefined \expanded.
(etexcmds)             In the latter case, load this package earlier.
Package: kvsetkeys 2011/04/07 v1.13 Key value parser (HO)
Package: kvdefinekeys 2011/04/07 v1.3 Defining keys (HO)
Package: pdftexcmds 2011/04/22 v0.16 Utilities of pdfTeX for LuaTeX (HO)
Package pdftexcmds Info: LuaTeX not detected.
Package pdftexcmds Info: \pdf@primitive is available.
Package pdftexcmds Info: \pdf@ifprimitive is available.
Package pdftexcmds Info: \pdfdraftmode is ignored in DVI mode.
Package: pdfescape 2011/04/04 v1.12 Provides string conversions (HO)
Package: bigintcalc 2011/01/30 v1.2 Expandable big integer calculations (HO)
Package: bitset 2011/01/30 v1.1 Data type bit set (HO)
Package: uniquecounter 2011/01/30 v1.2 Provides unlimited unique counter (HO)
)
Package hobsub Info: Skipping package `hobsub' (already loaded).
Package: letltxmacro 2010/09/02 v1.4 Let assignment for LaTeX macros (HO)
Package: hopatch 2011/01/30 v1.0 Wrapper for package hooks (HO)
Package: xcolor-patch 2011/01/30 xcolor patch
Package: atveryend 2011/04/23 v1.7 Hooks at very end of document (HO)
Package atveryend Info: \enddocument detected (standard).
Package: atbegshi 2011/01/30 v1.15 At begin shipout hook (HO)
Package: refcount 2010/12/01 v3.2 Data extraction from references (HO)
Package: hycolor 2011/01/30 v1.7 Color options of hyperref/bookmark (HO)
)
("C:\Program Files (x86)\MiKTeX 2.8\tex\generic\ifxetex\ifxetex.sty"
Package: ifxetex 2010/09/12 v0.6 Provides ifxetex conditional
)
("C:\Program Files (x86)\MiKTeX 2.8\tex\latex\oberdiek\kvoptions.sty"
Package: kvoptions 2010/12/23 v3.10 Keyval support for LaTeX options (HO)
)
\@linkdim=\dimen136
\Hy@linkcounter=\count120
\Hy@pagecounter=\count121

("C:\Program Files (x86)\MiKTeX 2.8\tex\latex\hyperref\pd1enc.def"
File: pd1enc.def 2011/04/17 v6.82g Hyperref: PDFDocEncoding definition (HO)
)
\Hy@SavedSpaceFactor=\count122

("C:\Program Files (x86)\MiKTeX 2.8\tex\latex\00miktex\hyperref.cfg"
File: hyperref.cfg 2002/06/06 v1.2 hyperref configuration of TeXLive
)
Package hyperref Info: Hyper figures OFF on input line 4026.
Package hyperref Info: Link nesting OFF on input line 4031.
Package hyperref Info: Hyper index ON on input line 4034.
Package hyperref Info: Plain pages OFF on input line 4041.
Package hyperref Info: Backreferencing OFF on input line 4046.
Package hyperref Info: Implicit mode ON; LaTeX internals redefined.
Package hyperref Info: Bookmarks ON on input line 4264.
\c@Hy@tempcnt=\count123
LaTeX Info: Redefining \url on input line 4617.
\Fld@menulength=\count124
\Field@Width=\dimen137
\Fld@charsize=\dimen138
Package hyperref Info: Hyper figures OFF on input line 5701.
Package hyperref Info: Link nesting OFF on input line 5706.
Package hyperref Info: Hyper index ON on input line 5709.
Package hyperref Info: backreferencing OFF on input line 5716.
Package hyperref Info: Link coloring OFF on input line 5721.
Package hyperref Info: Link coloring with OCG OFF on input line 5726.
Package hyperref Info: PDF/A mode OFF on input line 5731.
LaTeX Info: Redefining \ref on input line 5771.
LaTeX Info: Redefining \pageref on input line 5775.
\Hy@abspage=\count125
\c@Item=\count126
\c@Hfootnote=\count127
)

Package hyperref Message: Driver (default): hdvips.

("C:\Program Files (x86)\MiKTeX 2.8\tex\latex\hyperref\hdvips.def"
File: hdvips.def 2011/04/17 v6.82g Hyperref driver for dvips

("C:\Program Files (x86)\MiKTeX 2.8\tex\latex\hyperref\pdfmark.def"
File: pdfmark.def 2011/04/17 v6.82g Hyperref definitions for pdfmark specials
\pdf@docset=\toks26
\pdf@box=\box35
\pdf@toks=\toks27
\pdf@defaulttoks=\toks28
\Fld@listcount=\count128
\c@bookmark@seq@number=\count129

("C:\Program Files (x86)\MiKTeX 2.8\tex\latex\oberdiek\rerunfilecheck.sty"
Package: rerunfilecheck 2011/04/15 v1.7 Rerun checks for auxiliary files (HO)
Package uniquecounter Info: New unique counter `rerunfilecheck' on input line 2
82.
)
\Hy@SectionHShift=\skip54
))
("C:\Program Files (x86)\MiKTeX 2.8\tex\latex\siunitx\siunitx.sty"
("C:\Program Files (x86)\MiKTeX 2.8\tex\latex\expl3\expl3.sty"
("C:\Program Files (x86)\MiKTeX 2.8\tex\latex\expl3\l3names.sty"
Package: l3names 2011/01/08 v2122 L3 Experimental Naming Scheme for TeX Primiti
ves
)
Package: expl3 2011/04/09 v2222 L3 Experimental code bundle wrapper

("C:\Program Files (x86)\MiKTeX 2.8\tex\latex\misc\etex.sty"
Package: etex 1998/03/26 v2.0 eTeX basic definition package (PEB)
\et@xins=\count130
)
("C:\Program Files (x86)\MiKTeX 2.8\tex\latex\expl3\l3basics.sty"
Package: l3basics 2011/04/23 v2246 L3 Experimental basic definitions
)
("C:\Program Files (x86)\MiKTeX 2.8\tex\latex\expl3\l3expan.sty"
Package: l3expan 2011/04/09 v2223 L3 Experimental Argument Expansion module
)
("C:\Program Files (x86)\MiKTeX 2.8\tex\latex\expl3\l3tl.sty"
Package: l3tl 2011/04/09 v2223 L3 Experimental Token Lists
)
("C:\Program Files (x86)\MiKTeX 2.8\tex\latex\expl3\l3int.sty"
Package: l3int 2011/04/11 v2229 L3 Experimental Integer module
\l_tmpa_int=\count131
\l_tmpb_int=\count132
\l_tmpc_int=\count133
\g_tmpa_int=\count134
\g_tmpb_int=\count135
\c_max_int=\count136
\g_tl_inline_level_int=\count137
\g_prg_inline_level_int=\count138
)
("C:\Program Files (x86)\MiKTeX 2.8\tex\latex\expl3\l3quark.sty"
Package: l3quark 2011/04/14 v2234 L3 Experimental Quark Commands
)
("C:\Program Files (x86)\MiKTeX 2.8\tex\latex\expl3\l3seq.sty"
Package: l3seq 2011/04/21 v2245 The LaTeX3 kernel: sequences and stacks
\g_seq_nesting_depth_int=\count139
)
("C:\Program Files (x86)\MiKTeX 2.8\tex\latex\expl3\l3toks.sty"
Package: l3toks 2011/04/09 v2223 L3 Experimental Token Registers
\l_tmpb_toks=\toks29
\l_tmpc_toks=\toks30
\g_tmpa_toks=\toks31
\g_tmpb_toks=\toks32
\g_tmpc_toks=\toks33
\c_empty_toks=\toks34
\l_tl_replace_toks=\toks35
)
("C:\Program Files (x86)\MiKTeX 2.8\tex\latex\expl3\l3prg.sty"
Package: l3prg 2011/04/09 v2223 L3 Experimental control structures
)
("C:\Program Files (x86)\MiKTeX 2.8\tex\latex\expl3\l3clist.sty"
Package: l3clist 2011/04/09 v2223 L3 Experimental comma separated lists
\g_clist_map_inline_int=\count140
)
("C:\Program Files (x86)\MiKTeX 2.8\tex\latex\expl3\l3token.sty"
Package: l3token 2011/04/09 v2223 L3 Experimental token investigation and manip
ulation
)
("C:\Program Files (x86)\MiKTeX 2.8\tex\latex\expl3\l3prop.sty"
Package: l3prop 2011/04/09 v2223 L3 Experimental Property Lists
\g_prop_inline_level_int=\count141
)
("C:\Program Files (x86)\MiKTeX 2.8\tex\latex\expl3\l3msg.sty"
Package: l3msg 2010/10/02 v2052 L3 Experimental LaTeX Messages module
\l_msg_redirect_classes_prop=\toks36
\l_msg_redirect_names_prop=\toks37
\l_msg_redirect_fatal_prop=\toks38
\l_msg_redirect_error_prop=\toks39
\l_msg_redirect_warning_prop=\toks40
\l_msg_redirect_info_prop=\toks41
\l_msg_redirect_log_prop=\toks42
\l_msg_redirect_trace_prop=\toks43
\l_msg_redirect_none_prop=\toks44
)
("C:\Program Files (x86)\MiKTeX 2.8\tex\latex\expl3\l3io.sty"
Package: l3io 2010/10/03 v2063 L3 Experimental i/o module
\g_iow_streams_prop=\toks45
\g_ior_streams_prop=\toks46
\l_iow_stream_int=\count142
)
("C:\Program Files (x86)\MiKTeX 2.8\tex\latex\expl3\l3skip.sty"
Package: l3skip 2011/02/15 v2149 L3 Experimental skip registers
\l_tmpa_skip=\skip55
\l_tmpb_skip=\skip56
\l_tmpc_skip=\skip57
\g_tmpa_skip=\skip58
\g_tmpb_skip=\skip59
\l_tmpa_dim=\dimen139
\l_tmpb_dim=\dimen140
\l_tmpc_dim=\dimen141
\l_tmpd_dim=\dimen142
\g_tmpa_dim=\dimen143
\g_tmpb_dim=\dimen144
)
("C:\Program Files (x86)\MiKTeX 2.8\tex\latex\expl3\l3box.sty"
Package: l3box 2011/04/09 v2223 L3 Experimental Box module
\l_tmpb_box=\box36
)
("C:\Program Files (x86)\MiKTeX 2.8\tex\latex\expl3\l3keyval.sty"
Package: l3keyval 2011/04/09 v2223 L3 Experimental keyval processing
\l_KV_level_int=\count143
)
("C:\Program Files (x86)\MiKTeX 2.8\tex\latex\expl3\l3keys.sty"
Package: l3keys 2010/11/11 v2082 L3 Experimental key-value support
\l_keys_choice_int=\count144
)
("C:\Program Files (x86)\MiKTeX 2.8\tex\latex\expl3\l3precom.sty"
Package: l3precom 2011/04/09 v2223 L3 Experimental precompilation module
\g_gen_sym_int=\count145
\g_ggen_sym_int=\count146
)
("C:\Program Files (x86)\MiKTeX 2.8\tex\latex\expl3\l3xref.sty"
Package: l3xref 2011/04/09 v2223 L3 Experimental cross referencing
\g_xref_all_curr_immediate_fields_prop=\toks47
\g_xref_all_curr_deferred_fields_prop=\toks48
)
("C:\Program Files (x86)\MiKTeX 2.8\tex\latex\expl3\l3file.sty"
Package: l3file 2011/04/21 v2242 The LaTeX3 kernel: file operations
)
("C:\Program Files (x86)\MiKTeX 2.8\tex\latex\expl3\l3fp.sty"
Package: l3fp 2011/03/19 v2201 L3 Experimental floating-point operations
\c_one_million=\count147
\c_one_hundred_million=\count148
\c_five_hundred_million=\count149
\c_one_thousand_million=\count150
\c_fp_pi_by_four_decimal_int=\count151
\c_fp_pi_by_four_extended_int=\count152
\c_fp_pi_decimal_int=\count153
\c_fp_pi_extended_int=\count154
\c_fp_two_pi_decimal_int=\count155
\c_fp_two_pi_extended_int=\count156
\l_fp_count_int=\count157
\l_fp_div_offset_int=\count158
\l_fp_exp_integer_int=\count159
\l_fp_exp_decimal_int=\count160
\l_fp_exp_extended_int=\count161
\l_fp_exp_exponent_int=\count162
\l_fp_input_a_sign_int=\count163
\l_fp_input_a_integer_int=\count164
\l_fp_input_a_decimal_int=\count165
\l_fp_input_a_exponent_int=\count166
\l_fp_input_b_sign_int=\count167
\l_fp_input_b_integer_int=\count168
\l_fp_input_b_decimal_int=\count169
\l_fp_input_b_exponent_int=\count170
\l_fp_input_a_extended_int=\count171
\l_fp_input_b_extended_int=\count172
\l_fp_mul_a_i_int=\count173
\l_fp_mul_a_ii_int=\count174
\l_fp_mul_a_iii_int=\count175
\l_fp_mul_a_iv_int=\count176
\l_fp_mul_a_v_int=\count177
\l_fp_mul_a_vi_int=\count178
\l_fp_mul_b_i_int=\count179
\l_fp_mul_b_ii_int=\count180
\l_fp_mul_b_iii_int=\count181
\l_fp_mul_b_iv_int=\count182
\l_fp_mul_b_v_int=\count183
\l_fp_mul_b_vi_int=\count184
\l_fp_mul_output_int=\count185
\l_fp_output_sign_int=\count186
\l_fp_output_integer_int=\count187
\l_fp_output_decimal_int=\count188
\l_fp_output_exponent_int=\count189
\l_fp_output_extended_int=\count190
\l_fp_round_position_int=\count191
\l_fp_round_target_int=\count192
\l_fp_split_sign_int=\count193
\l_fp_tmp_int=\count194
\l_fp_trig_octant_int=\count195
\l_fp_trig_sign_int=\count196
\l_fp_trig_decimal_int=\count197
\l_fp_trig_extended_int=\count198
\l_fp_tmp_dim=\dimen145
\l_fp_tmp_skip=\skip60
)
("C:\Program Files (x86)\MiKTeX 2.8\tex\latex\expl3\l3luatex.sty"
Package: l3luatex 2010/07/18 v1985 L3 Experimental LuaTeX functions
\g_cctab_allocate_int=\count199
\g_cctab_stack_int=\count200
)
("C:\Program Files (x86)\MiKTeX 2.8\tex\latex\tools\calc.sty"
Package: calc 2007/08/22 v4.3 Infix arithmetic (KKT,FJ)
\calc@Acount=\count201
Normal \count register pool exhausted, switching to extended pool.
\calc@Bcount=\count277
\calc@Adimen=\dimen146
\calc@Bdimen=\dimen147
\calc@Askip=\skip61
\calc@Bskip=\skip62
LaTeX Info: Redefining \setlength on input line 76.
LaTeX Info: Redefining \addtolength on input line 77.
\calc@Ccount=\count278
\calc@Cskip=\skip63
))
Package: siunitx 2011/05/25 v2.2f A comprehensive (SI) units package

("C:\Program Files (x86)\MiKTeX 2.8\tex\latex\xpackages\xbase\xparse.sty"
Package: xparse 2011/04/08 v2219 Generic document command parser
\c_xparse_shorthands_prop=\toks49
\l_xparse_m_args_int=\count279
\l_xparse_mandatory_args_int=\count280
\l_xparse_processor_int=\count281
\l_xparse_total_args_int=\count282
)
("C:\Program Files (x86)\MiKTeX 2.8\tex\latex\tools\array.sty"
Package: array 2008/09/09 v2.4c Tabular extension package (FMi)
\col@sep=\dimen148
\extrarowheight=\dimen149
\NC@list=\toks50
\extratabsurround=\skip64
\backup@length=\skip65
)
("C:\Program Files (x86)\MiKTeX 2.8\tex\latex\xpackages\xtras\l3keys2e.sty"
Package: l3keys2e 2011/05/06 v2320 Parsing LaTeX3 keyvals as LaTeX2e package op
tions
)
\l_siunitx_tmp_box=\box37
\l_siunitx_tmp_int=\count283
\l_siunitx_number_in_prop=\toks51
\l_siunitx_number_mantissa_length_int=\count284
\l_siunitx_number_uncert_length_int=\count285
\l_siunitx_round_int=\count286
\l_siunitx_process_decimal_int=\count287
\l_siunitx_process_uncertainty_int=\count288
\l_siunitx_process_fixed_int=\count289
\l_siunitx_process_integer_min_int=\count290
\l_siunitx_process_precision_int=\count291
\l_siunitx_number_out_prop=\toks52
\l_siunitx_angle_marker_box=\box38
\l_siunitx_angle_unit_box=\box39
\l_siunitx_angle_marker_dim=\dimen150
\l_siunitx_angle_unit_dim=\dimen151
\l_siunitx_angle_degree_prop=\toks53
\l_siunitx_angle_minute_prop=\toks54
\l_siunitx_angle_second_prop=\toks55
\l_siunitx_unit_int=\count292
\l_siunitx_unit_prop=\toks56
\l_siunitx_unit_denominator_int=\count293
\l_siunitx_unit_numerator_int=\count294
\l_siunitx_unit_prefix_int=\count295
\l_siunitx_unit_prefix_base_int=\count296
\l_siunitx_unit_prefix_gram_int=\count297
\l_siunitx_number_product_int=\count298
\c_siunitx_one_fill_skip=\skip66
\l_siunitx_table_unit_align_skip=\skip67
\l_siunitx_table_fill_box=\box40
\l_siunitx_table_fill_dim=\dimen152
\l_siunitx_table_pre_box=\box41
\l_siunitx_table_post_box=\box42
\l_siunitx_table_result_box=\box43
\l_siunitx_table_comparator_dim=\dimen153
\l_siunitx_table_decimal_dim=\dimen154
\l_siunitx_table_exponent_dim=\dimen155
\l_siunitx_table_integer_dim=\dimen156
\l_siunitx_table_mantissa_dim=\dimen157
\l_siunitx_table_marker_dim=\dimen158
\l_siunitx_table_result_dim=\dimen159
\l_siunitx_table_uncert_dim=\dimen160
\l_siunitx_table_gap_dim=\dimen161
\l_siunitx_table_model_prop=\toks57
\l_siunitx_table_space_dim=\dimen162
\l_siunitx_table_number_align_skip=\skip68
\l_siunitx_table_text_align_skip=\skip69
\l_siunitx_table_decimal_int=\count299
\l_siunitx_table_exponent_int=\count300
\l_siunitx_table_integer_int=\count301
\l_siunitx_table_uncert_int=\count302
 LaTeX info: Defining document command \DeclareBinaryPrefix
(LaTeX)  with arg. spec. 'mmm' on line 6791.

 LaTeX info: Defining document command \DeclareSIPostPower
(LaTeX)  with arg. spec. 'mm' on line 6794.

 LaTeX info: Defining document command \DeclareSIPrefix
(LaTeX)  with arg. spec. 'mmm' on line 6797.

 LaTeX info: Defining document command \DeclareSIPrePower
(LaTeX)  with arg. spec. 'mm' on line 6800.

 LaTeX info: Defining document command \DeclareSIQualifier
(LaTeX)  with arg. spec. 'mm' on line 6803.

 LaTeX info: Defining document command \DeclareSIUnit
(LaTeX)  with arg. spec. 'O{}mm' on line 6806.

 LaTeX info: Defining document command \DeclareSIUnitWithOptions
(LaTeX)  with arg. spec. 'mmm' on line 6809.

 LaTeX info: Defining document command \ang
(LaTeX)  with arg. spec. 'o>{\SplitArgument {2}{;}}m' on line 6824.

 LaTeX info: Defining document command \num
(LaTeX)  with arg. spec. 'om' on line 6831.

 LaTeX info: Defining document command \numlist
(LaTeX)  with arg. spec. 'o>{\SplitList {;}}m' on line 6838.

 LaTeX info: Defining document command \numrange
(LaTeX)  with arg. spec. 'omm' on line 6845.

 LaTeX info: Defining document command \SIlist
(LaTeX)  with arg. spec. 'o>{\SplitList {;}}mm' on line 6855.

 LaTeX info: Defining document command \SIrange
(LaTeX)  with arg. spec. 'ommm' on line 6865.

 LaTeX info: Defining document command \SI
(LaTeX)  with arg. spec. 'omom' on line 6875.

 LaTeX info: Defining document command \sisetup
(LaTeX)  with arg. spec. 'm' on line 6878.

 LaTeX info: Defining document command \tablenum
(LaTeX)  with arg. spec. 'om' on line 6885.

 LaTeX info: Defining document command \si
(LaTeX)  with arg. spec. 'om' on line 6895.

 LaTeX info: Defining document command \siunitx_bookmark_num:w
(LaTeX)  with arg. spec. 'om' on line 6932.

 LaTeX info: Defining document command \siunitx_bookmark_numrange:w
(LaTeX)  with arg. spec. 'omm' on line 6934.

 LaTeX info: Defining document command \siunitx_bookmark_SI:w
(LaTeX)  with arg. spec. 'omom' on line 6936.

 LaTeX info: Defining document command \siunitx_bookmark_SIlist:w
(LaTeX)  with arg. spec. 'omm' on line 6938.

 LaTeX info: Defining document command \siunitx_bookmark_SIrange:w
(LaTeX)  with arg. spec. 'ommm' on line 6940.

 LaTeX info: Defining document command \siunitx_bookmark_si:w
(LaTeX)  with arg. spec. 'om' on line 6941.

\g_ior_tmp_stream=\read2

("C:\Program Files (x86)\MiKTeX 2.8\tex\latex\beamer\base\translator\translator
.sty"
Package: translator 2010/06/12 ver 1.10

("C:\Program Files (x86)\MiKTeX 2.8\tex\latex\beamer\base\translator\translator
-language-mappings.tex"))
 siunitx warning: Version 1 option 'repeatunits' detected.


("C:\Program Files (x86)\MiKTeX 2.8\tex\latex\siunitx\config\siunitx-version-1.
cfg"
File: siunitx-version-1.cfg 2011/05/25 v2.2f siunitx: Version 1 settings

("C:\Program Files (x86)\MiKTeX 2.8\tex\latex\siunitx\config\siunitx-abbreviati
ons.cfg"
File: siunitx-abbreviations.cfg 2010/08/12 v2.0s siunitx: Abbreviated units
)
("C:\Program Files (x86)\MiKTeX 2.8\tex\latex\siunitx\config\siunitx-binary.cfg
"
File: siunitx-binary.cfg 2011/05/25 v2.2f siunitx: Binary units
)
 LaTeX info: Defining document command \newpower
(LaTeX)  with arg. spec. 'omm' on line 638.

 LaTeX info: Defining document command \renewpower
(LaTeX)  with arg. spec. 'omm' on line 643.

 LaTeX info: Defining document command \providepower
(LaTeX)  with arg. spec. 'omm' on line 648.

 LaTeX info: Defining document command \newprefix
(LaTeX)  with arg. spec. 'ommm' on line 653.

 LaTeX info: Defining document command \renewprefix
(LaTeX)  with arg. spec. 'ommm' on line 658.

 LaTeX info: Defining document command \provideprefix
(LaTeX)  with arg. spec. 'ommm' on line 663.

 LaTeX info: Defining document command \newqualifier
(LaTeX)  with arg. spec. 'mm' on line 666.

 LaTeX info: Defining document command \requiresiconfigs
(LaTeX)  with arg. spec. 'm' on line 736.

)) ("C:\Program Files (x86)\MiKTeX 2.8\tex\latex\esvect\esvect.sty"
Package: esvect 
\symesvector=\mathgroup6
))
("C:\Users\Florian Reiche\Documents\GitHub\APMedPhysik\include\titlepage.tex")
("C:\Users\Florian Reiche\Documents\GitHub\APMedPhysik\Lock In-Verstärker\main.
aux")
LaTeX Font Info:    Checking defaults for OML/cmm/m/it on input line 3.
LaTeX Font Info:    ... okay on input line 3.
LaTeX Font Info:    Checking defaults for T1/cmr/m/n on input line 3.
LaTeX Font Info:    ... okay on input line 3.
LaTeX Font Info:    Checking defaults for OT1/cmr/m/n on input line 3.
LaTeX Font Info:    ... okay on input line 3.
LaTeX Font Info:    Checking defaults for OMS/cmsy/m/n on input line 3.
LaTeX Font Info:    ... okay on input line 3.
LaTeX Font Info:    Checking defaults for OMX/cmex/m/n on input line 3.
LaTeX Font Info:    ... okay on input line 3.
LaTeX Font Info:    Checking defaults for U/cmr/m/n on input line 3.
LaTeX Font Info:    ... okay on input line 3.
LaTeX Font Info:    Checking defaults for PD1/pdf/m/n on input line 3.
LaTeX Font Info:    ... okay on input line 3.
\c@lstlisting=\count303
\AtBeginShipoutBox=\box44
Package hyperref Info: Link coloring OFF on input line 3.
 ("C:\Program Files (x86)\MiKTeX 2.8\tex\latex\hyperref\nameref.sty"
Package: nameref 2010/04/30 v2.40 Cross-referencing by name of section

("C:\Program Files (x86)\MiKTeX 2.8\tex\generic\oberdiek\gettitlestring.sty"
Package: gettitlestring 2010/12/03 v1.4 Cleanup title references (HO)
)
\c@section@level=\count304
LaTeX Info: Redefining \Ref on input line 498.
)
LaTeX Info: Redefining \ref on input line 3.
LaTeX Info: Redefining \pageref on input line 3.
LaTeX Info: Redefining \nameref on input line 3.

("C:\Users\Florian Reiche\Documents\GitHub\APMedPhysik\Lock In-Verstärker\main.
out")
("C:\Users\Florian Reiche\Documents\GitHub\APMedPhysik\Lock In-Verstärker\main.
out")
\@outlinefile=\write4
LaTeX Info: Redefining \Ref on input line 3.
 LaTeX info: Defining document command \of
(LaTeX)  with arg. spec. '' on line 3.

 LaTeX info: Defining document command \highlight
(LaTeX)  with arg. spec. '' on line 3.

 LaTeX info: Defining document command \per
(LaTeX)  with arg. spec. '' on line 3.

 LaTeX info: Defining document command \raiseto
(LaTeX)  with arg. spec. '' on line 3.

 LaTeX info: Defining document command \tothe
(LaTeX)  with arg. spec. '' on line 3.

 LaTeX info: Defining document command \kilogram
(LaTeX)  with arg. spec. '' on line 3.

 LaTeX info: Defining document command \metre
(LaTeX)  with arg. spec. '' on line 3.

 LaTeX info: Defining document command \meter
(LaTeX)  with arg. spec. '' on line 3.

 LaTeX info: Defining document command \mole
(LaTeX)  with arg. spec. '' on line 3.

 LaTeX info: Defining document command \second
(LaTeX)  with arg. spec. '' on line 3.

 LaTeX info: Defining document command \ampere
(LaTeX)  with arg. spec. '' on line 3.

 LaTeX info: Defining document command \kelvin
(LaTeX)  with arg. spec. '' on line 3.

 LaTeX info: Defining document command \candela
(LaTeX)  with arg. spec. '' on line 3.

 LaTeX info: Defining document command \gram
(LaTeX)  with arg. spec. '' on line 3.

 LaTeX info: Defining document command \yocto
(LaTeX)  with arg. spec. '' on line 3.

 LaTeX info: Defining document command \zepto
(LaTeX)  with arg. spec. '' on line 3.

 LaTeX info: Defining document command \atto
(LaTeX)  with arg. spec. '' on line 3.

 LaTeX info: Defining document command \femto
(LaTeX)  with arg. spec. '' on line 3.

 LaTeX info: Defining document command \pico
(LaTeX)  with arg. spec. '' on line 3.

 LaTeX info: Defining document command \nano
(LaTeX)  with arg. spec. '' on line 3.

 LaTeX info: Defining document command \micro
(LaTeX)  with arg. spec. '' on line 3.

 LaTeX info: Defining document command \milli
(LaTeX)  with arg. spec. '' on line 3.

 LaTeX info: Defining document command \centi
(LaTeX)  with arg. spec. '' on line 3.

 LaTeX info: Defining document command \deci
(LaTeX)  with arg. spec. '' on line 3.

 LaTeX info: Defining document command \deca
(LaTeX)  with arg. spec. '' on line 3.

 LaTeX info: Defining document command \deka
(LaTeX)  with arg. spec. '' on line 3.

 LaTeX info: Defining document command \hecto
(LaTeX)  with arg. spec. '' on line 3.

 LaTeX info: Defining document command \kilo
(LaTeX)  with arg. spec. '' on line 3.

 LaTeX info: Defining document command \mega
(LaTeX)  with arg. spec. '' on line 3.

 LaTeX info: Defining document command \giga
(LaTeX)  with arg. spec. '' on line 3.

 LaTeX info: Defining document command \tera
(LaTeX)  with arg. spec. '' on line 3.

 LaTeX info: Defining document command \peta
(LaTeX)  with arg. spec. '' on line 3.

 LaTeX info: Defining document command \exa
(LaTeX)  with arg. spec. '' on line 3.

 LaTeX info: Defining document command \zetta
(LaTeX)  with arg. spec. '' on line 3.

 LaTeX info: Defining document command \yotta
(LaTeX)  with arg. spec. '' on line 3.

 LaTeX info: Defining document command \becquerel
(LaTeX)  with arg. spec. '' on line 3.

 LaTeX info: Defining document command \celsius
(LaTeX)  with arg. spec. '' on line 3.

 LaTeX info: Defining document command \degreeCelsius
(LaTeX)  with arg. spec. '' on line 3.

 LaTeX info: Defining document command \coulomb
(LaTeX)  with arg. spec. '' on line 3.

 LaTeX info: Defining document command \farad
(LaTeX)  with arg. spec. '' on line 3.

 LaTeX info: Defining document command \gray
(LaTeX)  with arg. spec. '' on line 3.

 LaTeX info: Defining document command \hertz
(LaTeX)  with arg. spec. '' on line 3.

 LaTeX info: Defining document command \henry
(LaTeX)  with arg. spec. '' on line 3.

 LaTeX info: Defining document command \joule
(LaTeX)  with arg. spec. '' on line 3.

 LaTeX info: Defining document command \katal
(LaTeX)  with arg. spec. '' on line 3.

 LaTeX info: Defining document command \lumen
(LaTeX)  with arg. spec. '' on line 3.

 LaTeX info: Defining document command \lux
(LaTeX)  with arg. spec. '' on line 3.

 LaTeX info: Defining document command \newton
(LaTeX)  with arg. spec. '' on line 3.

 LaTeX info: Defining document command \ohm
(LaTeX)  with arg. spec. '' on line 3.

 LaTeX info: Defining document command \pascal
(LaTeX)  with arg. spec. '' on line 3.

 LaTeX info: Defining document command \radian
(LaTeX)  with arg. spec. '' on line 3.

 LaTeX info: Defining document command \siemens
(LaTeX)  with arg. spec. '' on line 3.

 LaTeX info: Defining document command \sievert
(LaTeX)  with arg. spec. '' on line 3.

 LaTeX info: Defining document command \steradian
(LaTeX)  with arg. spec. '' on line 3.

 LaTeX info: Defining document command \tesla
(LaTeX)  with arg. spec. '' on line 3.

 LaTeX info: Defining document command \volt
(LaTeX)  with arg. spec. '' on line 3.

 LaTeX info: Defining document command \watt
(LaTeX)  with arg. spec. '' on line 3.

 LaTeX info: Defining document command \weber
(LaTeX)  with arg. spec. '' on line 3.

 LaTeX info: Defining document command \arcmin
(LaTeX)  with arg. spec. '' on line 3.

 LaTeX info: Defining document command \arcminute
(LaTeX)  with arg. spec. '' on line 3.

 LaTeX info: Defining document command \arcsecond
(LaTeX)  with arg. spec. '' on line 3.

 LaTeX info: Defining document command \degree
(LaTeX)  with arg. spec. '' on line 3.

 LaTeX info: Defining document command \hectare
(LaTeX)  with arg. spec. '' on line 3.

 LaTeX info: Defining document command \hour
(LaTeX)  with arg. spec. '' on line 3.

 LaTeX info: Defining document command \litre
(LaTeX)  with arg. spec. '' on line 3.

 LaTeX info: Defining document command \liter
(LaTeX)  with arg. spec. '' on line 3.

 LaTeX info: Defining document command \minute
(LaTeX)  with arg. spec. '' on line 3.

 LaTeX info: Defining document command \percent
(LaTeX)  with arg. spec. '' on line 3.

 LaTeX info: Defining document command \tonne
(LaTeX)  with arg. spec. '' on line 3.

 LaTeX info: Defining document command \astronomicalunit
(LaTeX)  with arg. spec. '' on line 3.

 LaTeX info: Defining document command \atomicmassunit
(LaTeX)  with arg. spec. '' on line 3.

 LaTeX info: Defining document command \electronvolt
(LaTeX)  with arg. spec. '' on line 3.

 LaTeX info: Defining document command \dalton
(LaTeX)  with arg. spec. '' on line 3.

 LaTeX info: Defining document command \clight
(LaTeX)  with arg. spec. '' on line 3.

 LaTeX info: Defining document command \electronmass
(LaTeX)  with arg. spec. '' on line 3.

 LaTeX info: Defining document command \planckbar
(LaTeX)  with arg. spec. '' on line 3.

 LaTeX info: Defining document command \elementarycharge
(LaTeX)  with arg. spec. '' on line 3.

 LaTeX info: Defining document command \bohr
(LaTeX)  with arg. spec. '' on line 3.

 LaTeX info: Defining document command \hartree
(LaTeX)  with arg. spec. '' on line 3.

 LaTeX info: Defining document command \angstrom
(LaTeX)  with arg. spec. '' on line 3.

 LaTeX info: Defining document command \barn
(LaTeX)  with arg. spec. '' on line 3.

 LaTeX info: Defining document command \bel
(LaTeX)  with arg. spec. '' on line 3.

 LaTeX info: Defining document command \decibel
(LaTeX)  with arg. spec. '' on line 3.

 LaTeX info: Defining document command \knot
(LaTeX)  with arg. spec. '' on line 3.

 LaTeX info: Defining document command \mmHg
(LaTeX)  with arg. spec. '' on line 3.

 LaTeX info: Defining document command \nauticalmile
(LaTeX)  with arg. spec. '' on line 3.

 LaTeX info: Defining document command \neper
(LaTeX)  with arg. spec. '' on line 3.

 LaTeX info: Defining document command \squared
(LaTeX)  with arg. spec. '' on line 3.

 LaTeX info: Defining document command \cubic
(LaTeX)  with arg. spec. '' on line 3.

 LaTeX info: Defining document command \cubed
(LaTeX)  with arg. spec. '' on line 3.

 LaTeX info: Defining document command \A
(LaTeX)  with arg. spec. '' on line 3.

 LaTeX info: Defining document command \pA
(LaTeX)  with arg. spec. '' on line 3.

 LaTeX info: Defining document command \nA
(LaTeX)  with arg. spec. '' on line 3.

 LaTeX info: Defining document command \uA
(LaTeX)  with arg. spec. '' on line 3.

 LaTeX info: Defining document command \mA
(LaTeX)  with arg. spec. '' on line 3.

 LaTeX info: Defining document command \kA
(LaTeX)  with arg. spec. '' on line 3.

 LaTeX info: Defining document command \Hz
(LaTeX)  with arg. spec. '' on line 3.

 LaTeX info: Defining document command \mHz
(LaTeX)  with arg. spec. '' on line 3.

 LaTeX info: Defining document command \kHz
(LaTeX)  with arg. spec. '' on line 3.

 LaTeX info: Defining document command \MHz
(LaTeX)  with arg. spec. '' on line 3.

 LaTeX info: Defining document command \GHz
(LaTeX)  with arg. spec. '' on line 3.

 LaTeX info: Defining document command \THz
(LaTeX)  with arg. spec. '' on line 3.

 LaTeX info: Defining document command \mol
(LaTeX)  with arg. spec. '' on line 3.

 LaTeX info: Defining document command \fmol
(LaTeX)  with arg. spec. '' on line 3.

 LaTeX info: Defining document command \pmol
(LaTeX)  with arg. spec. '' on line 3.

 LaTeX info: Defining document command \nmol
(LaTeX)  with arg. spec. '' on line 3.

 LaTeX info: Defining document command \umol
(LaTeX)  with arg. spec. '' on line 3.

 LaTeX info: Defining document command \mmol
(LaTeX)  with arg. spec. '' on line 3.

 LaTeX info: Defining document command \kmol
(LaTeX)  with arg. spec. '' on line 3.

 LaTeX info: Defining document command \V
(LaTeX)  with arg. spec. '' on line 3.

 LaTeX info: Defining document command \pV
(LaTeX)  with arg. spec. '' on line 3.

 LaTeX info: Defining document command \nV
(LaTeX)  with arg. spec. '' on line 3.

 LaTeX info: Defining document command \uV
(LaTeX)  with arg. spec. '' on line 3.

 LaTeX info: Defining document command \mV
(LaTeX)  with arg. spec. '' on line 3.

 LaTeX info: Defining document command \kV
(LaTeX)  with arg. spec. '' on line 3.

 LaTeX info: Defining document command \ml
(LaTeX)  with arg. spec. '' on line 3.

 LaTeX info: Defining document command \ul
(LaTeX)  with arg. spec. '' on line 3.

 LaTeX info: Defining document command \mL
(LaTeX)  with arg. spec. '' on line 3.

 LaTeX info: Defining document command \uL
(LaTeX)  with arg. spec. '' on line 3.

 LaTeX info: Defining document command \fg
(LaTeX)  with arg. spec. '' on line 3.

 LaTeX info: Defining document command \pg
(LaTeX)  with arg. spec. '' on line 3.

 LaTeX info: Defining document command \ug
(LaTeX)  with arg. spec. '' on line 3.

 LaTeX info: Defining document command \mg
(LaTeX)  with arg. spec. '' on line 3.

 LaTeX info: Defining document command \g
(LaTeX)  with arg. spec. '' on line 3.

 LaTeX info: Defining document command \kg
(LaTeX)  with arg. spec. '' on line 3.

 LaTeX info: Defining document command \amu
(LaTeX)  with arg. spec. '' on line 3.

 LaTeX info: Defining document command \W
(LaTeX)  with arg. spec. '' on line 3.

 LaTeX info: Defining document command \mW
(LaTeX)  with arg. spec. '' on line 3.

 LaTeX info: Defining document command \kW
(LaTeX)  with arg. spec. '' on line 3.

 LaTeX info: Defining document command \MW
(LaTeX)  with arg. spec. '' on line 3.

 LaTeX info: Defining document command \GW
(LaTeX)  with arg. spec. '' on line 3.

 LaTeX info: Defining document command \J
(LaTeX)  with arg. spec. '' on line 3.

 LaTeX info: Defining document command \kJ
(LaTeX)  with arg. spec. '' on line 3.

 LaTeX info: Defining document command \eV
(LaTeX)  with arg. spec. '' on line 3.

 LaTeX info: Defining document command \meV
(LaTeX)  with arg. spec. '' on line 3.

 LaTeX info: Defining document command \keV
(LaTeX)  with arg. spec. '' on line 3.

 LaTeX info: Defining document command \MeV
(LaTeX)  with arg. spec. '' on line 3.

 LaTeX info: Defining document command \GeV
(LaTeX)  with arg. spec. '' on line 3.

 LaTeX info: Defining document command \TeV
(LaTeX)  with arg. spec. '' on line 3.

 LaTeX info: Defining document command \kWh
(LaTeX)  with arg. spec. '' on line 3.

 LaTeX info: Defining document command \m
(LaTeX)  with arg. spec. '' on line 3.

 LaTeX info: Defining document command \nm
(LaTeX)  with arg. spec. '' on line 3.

 LaTeX info: Defining document command \um
(LaTeX)  with arg. spec. '' on line 3.

 LaTeX info: Defining document command \mm
(LaTeX)  with arg. spec. '' on line 3.

 LaTeX info: Defining document command \cm
(LaTeX)  with arg. spec. '' on line 3.

 LaTeX info: Defining document command \dm
(LaTeX)  with arg. spec. '' on line 3.

 LaTeX info: Defining document command \km
(LaTeX)  with arg. spec. '' on line 3.

 LaTeX info: Defining document command \K
(LaTeX)  with arg. spec. '' on line 3.

 LaTeX info: Defining document command \N
(LaTeX)  with arg. spec. '' on line 3.

 LaTeX info: Defining document command \mN
(LaTeX)  with arg. spec. '' on line 3.

 LaTeX info: Defining document command \kN
(LaTeX)  with arg. spec. '' on line 3.

 LaTeX info: Defining document command \MN
(LaTeX)  with arg. spec. '' on line 3.

 LaTeX info: Defining document command \Pa
(LaTeX)  with arg. spec. '' on line 3.

 LaTeX info: Defining document command \kPa
(LaTeX)  with arg. spec. '' on line 3.

 LaTeX info: Defining document command \MPa
(LaTeX)  with arg. spec. '' on line 3.

 LaTeX info: Defining document command \GPa
(LaTeX)  with arg. spec. '' on line 3.

 LaTeX info: Defining document command \mohm
(LaTeX)  with arg. spec. '' on line 3.

 LaTeX info: Defining document command \kohm
(LaTeX)  with arg. spec. '' on line 3.

 LaTeX info: Defining document command \Mohm
(LaTeX)  with arg. spec. '' on line 3.

 LaTeX info: Defining document command \s
(LaTeX)  with arg. spec. '' on line 3.

 LaTeX info: Defining document command \as
(LaTeX)  with arg. spec. '' on line 3.

 LaTeX info: Defining document command \fs
(LaTeX)  with arg. spec. '' on line 3.

 LaTeX info: Defining document command \ps
(LaTeX)  with arg. spec. '' on line 3.

 LaTeX info: Defining document command \ns
(LaTeX)  with arg. spec. '' on line 3.

 LaTeX info: Defining document command \us
(LaTeX)  with arg. spec. '' on line 3.

 LaTeX info: Defining document command \ms
(LaTeX)  with arg. spec. '' on line 3.

 LaTeX info: Defining document command \kibi
(LaTeX)  with arg. spec. '' on line 3.

 LaTeX info: Defining document command \mebi
(LaTeX)  with arg. spec. '' on line 3.

 LaTeX info: Defining document command \gibi
(LaTeX)  with arg. spec. '' on line 3.

 LaTeX info: Defining document command \tebi
(LaTeX)  with arg. spec. '' on line 3.

 LaTeX info: Defining document command \pebi
(LaTeX)  with arg. spec. '' on line 3.

 LaTeX info: Defining document command \exbi
(LaTeX)  with arg. spec. '' on line 3.

 LaTeX info: Defining document command \zebi
(LaTeX)  with arg. spec. '' on line 3.

 LaTeX info: Defining document command \yobi
(LaTeX)  with arg. spec. '' on line 3.

 LaTeX info: Defining document command \bit
(LaTeX)  with arg. spec. '' on line 3.

 LaTeX info: Defining document command \byte
(LaTeX)  with arg. spec. '' on line 3.

 LaTeX info: Defining document command \Square
(LaTeX)  with arg. spec. '' on line 3.

 LaTeX info: Defining document command \ssquare
(LaTeX)  with arg. spec. '' on line 3.

 LaTeX info: Defining document command \BAR
(LaTeX)  with arg. spec. '' on line 3.

 LaTeX info: Defining document command \bbar
(LaTeX)  with arg. spec. '' on line 3.

 LaTeX info: Defining document command \Day
(LaTeX)  with arg. spec. '' on line 3.

 LaTeX info: Defining document command \dday
(LaTeX)  with arg. spec. '' on line 3.

 LaTeX info: Defining document command \Gray
(LaTeX)  with arg. spec. '' on line 3.

 LaTeX info: Defining document command \ggray
(LaTeX)  with arg. spec. '' on line 3.

 LaTeX info: Defining document command \atomicmass
(LaTeX)  with arg. spec. '' on line 3.

 LaTeX info: Defining document command \arcsec
(LaTeX)  with arg. spec. '' on line 3.

 LaTeX info: Defining document command \are
(LaTeX)  with arg. spec. '' on line 3.

 LaTeX info: Defining document command \curie
(LaTeX)  with arg. spec. '' on line 3.

 LaTeX info: Defining document command \gal
(LaTeX)  with arg. spec. '' on line 3.

 LaTeX info: Defining document command \millibar
(LaTeX)  with arg. spec. '' on line 3.

 LaTeX info: Defining document command \rad
(LaTeX)  with arg. spec. '' on line 3.

 LaTeX info: Defining document command \rem
(LaTeX)  with arg. spec. '' on line 3.

 LaTeX info: Defining document command \roentgen
(LaTeX)  with arg. spec. '' on line 3.

 LaTeX info: Defining document command \micA
(LaTeX)  with arg. spec. '' on line 3.

 LaTeX info: Defining document command \micmol
(LaTeX)  with arg. spec. '' on line 3.

 LaTeX info: Defining document command \micl
(LaTeX)  with arg. spec. '' on line 3.

 LaTeX info: Defining document command \micL
(LaTeX)  with arg. spec. '' on line 3.

 LaTeX info: Defining document command \nanog
(LaTeX)  with arg. spec. '' on line 3.

 LaTeX info: Defining document command \micg
(LaTeX)  with arg. spec. '' on line 3.

 LaTeX info: Defining document command \picm
(LaTeX)  with arg. spec. '' on line 3.

 LaTeX info: Defining document command \micm
(LaTeX)  with arg. spec. '' on line 3.

 LaTeX info: Defining document command \Sec
(LaTeX)  with arg. spec. '' on line 3.

 LaTeX info: Defining document command \mics
(LaTeX)  with arg. spec. '' on line 3.

 LaTeX info: Defining document command \cmc
(LaTeX)  with arg. spec. '' on line 3.

 LaTeX info: Defining document command \dmc
(LaTeX)  with arg. spec. '' on line 3.

 LaTeX info: Defining document command \cms
(LaTeX)  with arg. spec. '' on line 3.

 LaTeX info: Defining document command \centimetrecubed
(LaTeX)  with arg. spec. '' on line 3.

 LaTeX info: Defining document command \centimetresquared
(LaTeX)  with arg. spec. '' on line 3.

 LaTeX info: Defining document command \cubiccentimetre
(LaTeX)  with arg. spec. '' on line 3.

 LaTeX info: Defining document command \cubicdecimetre
(LaTeX)  with arg. spec. '' on line 3.

 LaTeX info: Defining document command \squarecentimetre
(LaTeX)  with arg. spec. '' on line 3.

 LaTeX info: Defining document command \squaremetre
(LaTeX)  with arg. spec. '' on line 3.

 LaTeX info: Defining document command \squarekilometre
(LaTeX)  with arg. spec. '' on line 3.

 LaTeX info: Defining document command \parsec
(LaTeX)  with arg. spec. '' on line 3.

 LaTeX info: Defining document command \lightyear
(LaTeX)  with arg. spec. '' on line 3.

 LaTeX info: Defining document command \gmol
(LaTeX)  with arg. spec. '' on line 3.

 LaTeX info: Defining document command \kgmol
(LaTeX)  with arg. spec. '' on line 3.

 LaTeX info: Defining document command \lbmol
(LaTeX)  with arg. spec. '' on line 3.

 LaTeX info: Defining document command \molar
(LaTeX)  with arg. spec. '' on line 3.

 LaTeX info: Defining document command \Molar
(LaTeX)  with arg. spec. '' on line 3.

 LaTeX info: Defining document command \torr
(LaTeX)  with arg. spec. '' on line 3.

 LaTeX info: Defining document command \gon
(LaTeX)  with arg. spec. '' on line 3.

 LaTeX info: Defining document command \micron
(LaTeX)  with arg. spec. '' on line 3.

 LaTeX info: Defining document command \mrad
(LaTeX)  with arg. spec. '' on line 3.

 LaTeX info: Defining document command \gauss
(LaTeX)  with arg. spec. '' on line 3.

 LaTeX info: Defining document command \eVperc
(LaTeX)  with arg. spec. '' on line 3.

 LaTeX info: Defining document command \nanobarn
(LaTeX)  with arg. spec. '' on line 3.

 LaTeX info: Defining document command \picobarn
(LaTeX)  with arg. spec. '' on line 3.

 LaTeX info: Defining document command \femtobarn
(LaTeX)  with arg. spec. '' on line 3.

 LaTeX info: Defining document command \attobarn
(LaTeX)  with arg. spec. '' on line 3.

 LaTeX info: Defining document command \zeptobarn
(LaTeX)  with arg. spec. '' on line 3.

 LaTeX info: Defining document command \yoctobarn
(LaTeX)  with arg. spec. '' on line 3.

 LaTeX info: Defining document command \nb
(LaTeX)  with arg. spec. '' on line 3.

 LaTeX info: Defining document command \pb
(LaTeX)  with arg. spec. '' on line 3.

 LaTeX info: Defining document command \fb
(LaTeX)  with arg. spec. '' on line 3.

 LaTeX info: Defining document command \ab
(LaTeX)  with arg. spec. '' on line 3.

 LaTeX info: Defining document command \zb
(LaTeX)  with arg. spec. '' on line 3.

 LaTeX info: Defining document command \yb
(LaTeX)  with arg. spec. '' on line 3.


("C:\Program Files (x86)\MiKTeX 2.8\tex\latex\beamer\base\translator\dicts\tran
slator-basic-dictionary\translator-basic-dictionary-English.dict"
Dictionary: translator-basic-dictionary, Language: English 
)
\c_siunitx_mathsf_int=\count305
LaTeX Font Info:    Try loading font information for U+msa on input line 3.

("C:\Program Files (x86)\MiKTeX 2.8\tex\latex\amsfonts\umsa.fd"
File: umsa.fd 2009/06/22 v3.00 AMS symbols A
)
LaTeX Font Info:    Try loading font information for U+msb on input line 3.

("C:\Program Files (x86)\MiKTeX 2.8\tex\latex\amsfonts\umsb.fd"
File: umsb.fd 2009/06/22 v3.00 AMS symbols B
)
LaTeX Font Info:    Try loading font information for U+esvect on input line 3.

("C:\Program Files (x86)\MiKTeX 2.8\tex\latex\esvect\uesvect.fd"
File: uesvect.fd 
)
\c_siunitx_mathtt_int=\count306
LaTeX Font Info:    Try loading font information for T1+cmss on input line 4.

("C:\Program Files (x86)\MiKTeX 2.8\tex\latex\base\t1cmss.fd"
File: t1cmss.fd 1999/05/25 v2.5h Standard LaTeX font definitions
) [1

]
("C:\Users\Florian Reiche\Documents\GitHub\APMedPhysik\Lock In-Verstärker\main.
toc")
\tf@toc=\write5
 [2]
("C:\Users\Florian Reiche\Documents\GitHub\APMedPhysik\Lock In-Verstärker\theor
ie.tex")
("C:\Users\Florian Reiche\Documents\GitHub\APMedPhysik\Lock In-Verstärker\durch
fuehrung.tex")
("C:\Users\Florian Reiche\Documents\GitHub\APMedPhysik\Lock In-Verstärker\auswe
rtung.tex")
("C:\Users\Florian Reiche\Documents\GitHub\APMedPhysik\Lock In-Verstärker\disku
sion.tex")
("C:\Users\Florian Reiche\Documents\GitHub\APMedPhysik\Lock In-Verstärker\anhan
g.tex")
Package atveryend Info: Empty hook `BeforeClearDocument' on input line 10.
 [3]
Package atveryend Info: Empty hook `AfterLastShipout' on input line 10.

("C:\Users\Florian Reiche\Documents\GitHub\APMedPhysik\Lock In-Verstärker\main.
aux")
Package atveryend Info: Empty hook `AtVeryEndDocument' on input line 10.
Package atveryend Info: Executing hook `AtEndAfterFileList' on input line 10.
Package rerunfilecheck Info: File `main.out' has not changed.
(rerunfilecheck)             Checksum: 0E5E728D01BEB78B95C3F3F4EFB01F5E;231.
Package atveryend Info: Empty hook `AtVeryVeryEnd' on input line 10.
 ) 
Here is how much of TeX's memory you used:
 17688 strings out of 495290
 347897 string characters out of 3180106
 395773 words of memory out of 3000000
 20617 multiletter control sequences out of 15000+200000
 18854 words of font info for 67 fonts, out of 3000000 for 9000
 14 hyphenation exceptions out of 8191
 54i,6n,62p,248b,925s stack positions out of 5000i,500n,10000p,200000b,50000s

Output written on main.dvi (3 pages, 6012 bytes).
